turbo 2.5.8

• Running lint
• Remote caching disabled
lint: cache miss, executing 9683ca9e76be695d
turbo(69580) MallocStackLogging: can't turn off malloc stack logging because it was not enabled.
lint: 
lint: > sveltekit-enterprise@0.0.1 lint /Users/kurrytran/sveltekit-enterprise
lint: > prettier --check . && eslint .
lint: 
lint: Checking formatting...
lint: All matched files use Prettier code style!
lint: 
lint: /Users/kurrytran/sveltekit-enterprise/docs/examples/00-introduction/00-hello-world/+assets/App.svelte
lint:   0:0  error  Parsing error: /Users/kurrytran/sveltekit-enterprise/docs/examples/00-introduction/00-hello-world/+assets/App.svelte was not found by the project service. Consider either including it in the tsconfig.json or including it in allowDefaultProject
lint: 
lint: /Users/kurrytran/sveltekit-enterprise/docs/examples/00-introduction/01-dynamic-attributes/+assets/App.svelte
lint:   0:0  error  Parsing error: /Users/kurrytran/sveltekit-enterprise/docs/examples/00-introduction/01-dynamic-attributes/+assets/App.svelte was not found by the project service. Consider either including it in the tsconfig.json or including it in allowDefaultProject
lint: 
lint: /Users/kurrytran/sveltekit-enterprise/docs/examples/00-introduction/02-styling/+assets/App.svelte
lint:   0:0  error  Parsing error: /Users/kurrytran/sveltekit-enterprise/docs/examples/00-introduction/02-styling/+assets/App.svelte was not found by the project service. Consider either including it in the tsconfig.json or including it in allowDefaultProject
lint: 
lint: /Users/kurrytran/sveltekit-enterprise/docs/examples/00-introduction/03-nested-components/+assets/App.svelte
lint:   0:0  error  Parsing error: /Users/kurrytran/sveltekit-enterprise/docs/examples/00-introduction/03-nested-components/+assets/App.svelte was not found by the project service. Consider either including it in the tsconfig.json or including it in allowDefaultProject
lint: 
lint: /Users/kurrytran/sveltekit-enterprise/docs/examples/00-introduction/03-nested-components/+assets/Nested.svelte
lint:   0:0  error  Parsing error: /Users/kurrytran/sveltekit-enterprise/docs/examples/00-introduction/03-nested-components/+assets/Nested.svelte was not found by the project service. Consider either including it in the tsconfig.json or including it in allowDefaultProject
lint: 
lint: /Users/kurrytran/sveltekit-enterprise/docs/examples/00-introduction/04-html-tags/+assets/App.svelte
lint:   0:0  error  Parsing error: /Users/kurrytran/sveltekit-enterprise/docs/examples/00-introduction/04-html-tags/+assets/App.svelte was not found by the project service. Consider either including it in the tsconfig.json or including it in allowDefaultProject
lint: 
lint: /Users/kurrytran/sveltekit-enterprise/docs/examples/01-reactivity/00-reactive-assignments/+assets/App.svelte
lint:   0:0  error  Parsing error: /Users/kurrytran/sveltekit-enterprise/docs/examples/01-reactivity/00-reactive-assignments/+assets/App.svelte was not found by the project service. Consider either including it in the tsconfig.json or including it in allowDefaultProject
lint: 
lint: /Users/kurrytran/sveltekit-enterprise/docs/examples/01-reactivity/01-reactive-declarations/+assets/App.svelte
lint:   0:0  error  Parsing error: /Users/kurrytran/sveltekit-enterprise/docs/examples/01-reactivity/01-reactive-declarations/+assets/App.svelte was not found by the project service. Consider either including it in the tsconfig.json or including it in allowDefaultProject
lint: 
lint: /Users/kurrytran/sveltekit-enterprise/docs/examples/01-reactivity/02-reactive-statements/+assets/App.svelte
lint:   0:0  error  Parsing error: /Users/kurrytran/sveltekit-enterprise/docs/examples/01-reactivity/02-reactive-statements/+assets/App.svelte was not found by the project service. Consider either including it in the tsconfig.json or including it in allowDefaultProject
lint: 
lint: /Users/kurrytran/sveltekit-enterprise/docs/examples/02-props/00-declaring-props/+assets/App.svelte
lint:   0:0  error  Parsing error: /Users/kurrytran/sveltekit-enterprise/docs/examples/02-props/00-declaring-props/+assets/App.svelte was not found by the project service. Consider either including it in the tsconfig.json or including it in allowDefaultProject
lint: 
lint: /Users/kurrytran/sveltekit-enterprise/docs/examples/02-props/00-declaring-props/+assets/Nested.svelte
lint:   0:0  error  Parsing error: /Users/kurrytran/sveltekit-enterprise/docs/examples/02-props/00-declaring-props/+assets/Nested.svelte was not found by the project service. Consider either including it in the tsconfig.json or including it in allowDefaultProject
lint: 
lint: /Users/kurrytran/sveltekit-enterprise/docs/examples/02-props/01-default-values/+assets/App.svelte
lint:   0:0  error  Parsing error: /Users/kurrytran/sveltekit-enterprise/docs/examples/02-props/01-default-values/+assets/App.svelte was not found by the project service. Consider either including it in the tsconfig.json or including it in allowDefaultProject
lint: 
lint: /Users/kurrytran/sveltekit-enterprise/docs/examples/02-props/01-default-values/+assets/Nested.svelte
lint:   0:0  error  Parsing error: /Users/kurrytran/sveltekit-enterprise/docs/examples/02-props/01-default-values/+assets/Nested.svelte was not found by the project service. Consider either including it in the tsconfig.json or including it in allowDefaultProject
lint: 
lint: /Users/kurrytran/sveltekit-enterprise/docs/examples/02-props/02-spread-props/+assets/App.svelte
lint:   0:0  error  Parsing error: /Users/kurrytran/sveltekit-enterprise/docs/examples/02-props/02-spread-props/+assets/App.svelte was not found by the project service. Consider either including it in the tsconfig.json or including it in allowDefaultProject
lint: 
lint: /Users/kurrytran/sveltekit-enterprise/docs/examples/02-props/02-spread-props/+assets/Info.svelte
lint:   0:0  error  Parsing error: /Users/kurrytran/sveltekit-enterprise/docs/examples/02-props/02-spread-props/+assets/Info.svelte was not found by the project service. Consider either including it in the tsconfig.json or including it in allowDefaultProject
lint: 
lint: /Users/kurrytran/sveltekit-enterprise/docs/examples/03-logic/00-if-blocks/+assets/App.svelte
lint:   0:0  error  Parsing error: /Users/kurrytran/sveltekit-enterprise/docs/examples/03-logic/00-if-blocks/+assets/App.svelte was not found by the project service. Consider either including it in the tsconfig.json or including it in allowDefaultProject
lint: 
lint: /Users/kurrytran/sveltekit-enterprise/docs/examples/03-logic/01-else-blocks/+assets/App.svelte
lint:   0:0  error  Parsing error: /Users/kurrytran/sveltekit-enterprise/docs/examples/03-logic/01-else-blocks/+assets/App.svelte was not found by the project service. Consider either including it in the tsconfig.json or including it in allowDefaultProject
lint: 
lint: /Users/kurrytran/sveltekit-enterprise/docs/examples/03-logic/02-else-if-blocks/+assets/App.svelte
lint:   0:0  error  Parsing error: /Users/kurrytran/sveltekit-enterprise/docs/examples/03-logic/02-else-if-blocks/+assets/App.svelte was not found by the project service. Consider either including it in the tsconfig.json or including it in allowDefaultProject
lint: 
lint: /Users/kurrytran/sveltekit-enterprise/docs/examples/03-logic/03-each-blocks/+assets/App.svelte
lint:   0:0  error  Parsing error: /Users/kurrytran/sveltekit-enterprise/docs/examples/03-logic/03-each-blocks/+assets/App.svelte was not found by the project service. Consider either including it in the tsconfig.json or including it in allowDefaultProject
lint: 
lint: /Users/kurrytran/sveltekit-enterprise/docs/examples/03-logic/04-keyed-each-blocks/+assets/App.svelte
lint:   0:0  error  Parsing error: /Users/kurrytran/sveltekit-enterprise/docs/examples/03-logic/04-keyed-each-blocks/+assets/App.svelte was not found by the project service. Consider either including it in the tsconfig.json or including it in allowDefaultProject
lint: 
lint: /Users/kurrytran/sveltekit-enterprise/docs/examples/03-logic/04-keyed-each-blocks/+assets/Thing.svelte
lint:   0:0  error  Parsing error: /Users/kurrytran/sveltekit-enterprise/docs/examples/03-logic/04-keyed-each-blocks/+assets/Thing.svelte was not found by the project service. Consider either including it in the tsconfig.json or including it in allowDefaultProject
lint: 
lint: /Users/kurrytran/sveltekit-enterprise/docs/examples/03-logic/05-await-blocks/+assets/App.svelte
lint:   0:0  error  Parsing error: /Users/kurrytran/sveltekit-enterprise/docs/examples/03-logic/05-await-blocks/+assets/App.svelte was not found by the project service. Consider either including it in the tsconfig.json or including it in allowDefaultProject
lint: 
lint: /Users/kurrytran/sveltekit-enterprise/docs/examples/04-events/00-dom-events/+assets/App.svelte
lint:   0:0  error  Parsing error: /Users/kurrytran/sveltekit-enterprise/docs/examples/04-events/00-dom-events/+assets/App.svelte was not found by the project service. Consider either including it in the tsconfig.json or including it in allowDefaultProject
lint: 
lint: /Users/kurrytran/sveltekit-enterprise/docs/examples/04-events/01-inline-handlers/+assets/App.svelte
lint:   0:0  error  Parsing error: /Users/kurrytran/sveltekit-enterprise/docs/examples/04-events/01-inline-handlers/+assets/App.svelte was not found by the project service. Consider either including it in the tsconfig.json or including it in allowDefaultProject
lint: 
lint: /Users/kurrytran/sveltekit-enterprise/docs/examples/04-events/02-component-events/+assets/App.svelte
lint:   0:0  error  Parsing error: /Users/kurrytran/sveltekit-enterprise/docs/examples/04-events/02-component-events/+assets/App.svelte was not found by the project service. Consider either including it in the tsconfig.json or including it in allowDefaultProject
lint: 
lint: /Users/kurrytran/sveltekit-enterprise/docs/examples/04-events/02-component-events/+assets/Inner.svelte
lint:   0:0  error  Parsing error: /Users/kurrytran/sveltekit-enterprise/docs/examples/04-events/02-component-events/+assets/Inner.svelte was not found by the project service. Consider either including it in the tsconfig.json or including it in allowDefaultProject
lint: 
lint: /Users/kurrytran/sveltekit-enterprise/docs/examples/04-events/03-event-forwarding/+assets/App.svelte
lint:   0:0  error  Parsing error: /Users/kurrytran/sveltekit-enterprise/docs/examples/04-events/03-event-forwarding/+assets/App.svelte was not found by the project service. Consider either including it in the tsconfig.json or including it in allowDefaultProject
lint: 
lint: /Users/kurrytran/sveltekit-enterprise/docs/examples/04-events/03-event-forwarding/+assets/Inner.svelte
lint:   0:0  error  Parsing error: /Users/kurrytran/sveltekit-enterprise/docs/examples/04-events/03-event-forwarding/+assets/Inner.svelte was not found by the project service. Consider either including it in the tsconfig.json or including it in allowDefaultProject
lint: 
lint: /Users/kurrytran/sveltekit-enterprise/docs/examples/04-events/03-event-forwarding/+assets/Outer.svelte
lint:   0:0  error  Parsing error: /Users/kurrytran/sveltekit-enterprise/docs/examples/04-events/03-event-forwarding/+assets/Outer.svelte was not found by the project service. Consider either including it in the tsconfig.json or including it in allowDefaultProject
lint: 
lint: /Users/kurrytran/sveltekit-enterprise/docs/examples/04-events/04-dom-event-forwarding/+assets/App.svelte
lint:   0:0  error  Parsing error: /Users/kurrytran/sveltekit-enterprise/docs/examples/04-events/04-dom-event-forwarding/+assets/App.svelte was not found by the project service. Consider either including it in the tsconfig.json or including it in allowDefaultProject
lint: 
lint: /Users/kurrytran/sveltekit-enterprise/docs/examples/04-events/04-dom-event-forwarding/+assets/CustomButton.svelte
lint:   0:0  error  Parsing error: /Users/kurrytran/sveltekit-enterprise/docs/examples/04-events/04-dom-event-forwarding/+assets/CustomButton.svelte was not found by the project service. Consider either including it in the tsconfig.json or including it in allowDefaultProject
lint: 
lint: /Users/kurrytran/sveltekit-enterprise/docs/examples/05-bindings/00-text-inputs/+assets/App.svelte
lint:   0:0  error  Parsing error: /Users/kurrytran/sveltekit-enterprise/docs/examples/05-bindings/00-text-inputs/+assets/App.svelte was not found by the project service. Consider either including it in the tsconfig.json or including it in allowDefaultProject
lint: 
lint: /Users/kurrytran/sveltekit-enterprise/docs/examples/05-bindings/01-numeric-inputs/+assets/App.svelte
lint:   0:0  error  Parsing error: /Users/kurrytran/sveltekit-enterprise/docs/examples/05-bindings/01-numeric-inputs/+assets/App.svelte was not found by the project service. Consider either including it in the tsconfig.json or including it in allowDefaultProject
lint: 
lint: /Users/kurrytran/sveltekit-enterprise/docs/examples/05-bindings/02-checkbox-inputs/+assets/App.svelte
lint:   0:0  error  Parsing error: /Users/kurrytran/sveltekit-enterprise/docs/examples/05-bindings/02-checkbox-inputs/+assets/App.svelte was not found by the project service. Consider either including it in the tsconfig.json or including it in allowDefaultProject
lint: 
lint: /Users/kurrytran/sveltekit-enterprise/docs/examples/05-bindings/03-group-inputs/+assets/App.svelte
lint:   0:0  error  Parsing error: /Users/kurrytran/sveltekit-enterprise/docs/examples/05-bindings/03-group-inputs/+assets/App.svelte was not found by the project service. Consider either including it in the tsconfig.json or including it in allowDefaultProject
lint: 
lint: /Users/kurrytran/sveltekit-enterprise/docs/examples/05-bindings/04-textarea-inputs/+assets/App.svelte
lint:   0:0  error  Parsing error: /Users/kurrytran/sveltekit-enterprise/docs/examples/05-bindings/04-textarea-inputs/+assets/App.svelte was not found by the project service. Consider either including it in the tsconfig.json or including it in allowDefaultProject
lint: 
lint: /Users/kurrytran/sveltekit-enterprise/docs/examples/05-bindings/05-file-inputs/+assets/App.svelte
lint:   0:0  error  Parsing error: /Users/kurrytran/sveltekit-enterprise/docs/examples/05-bindings/05-file-inputs/+assets/App.svelte was not found by the project service. Consider either including it in the tsconfig.json or including it in allowDefaultProject
lint: 
lint: /Users/kurrytran/sveltekit-enterprise/docs/examples/05-bindings/06-select-bindings/+assets/App.svelte
lint:   0:0  error  Parsing error: /Users/kurrytran/sveltekit-enterprise/docs/examples/05-bindings/06-select-bindings/+assets/App.svelte was not found by the project service. Consider either including it in the tsconfig.json or including it in allowDefaultProject
lint: 
lint: /Users/kurrytran/sveltekit-enterprise/docs/examples/05-bindings/07-multiple-select-bindings/+assets/App.svelte
lint:   0:0  error  Parsing error: /Users/kurrytran/sveltekit-enterprise/docs/examples/05-bindings/07-multiple-select-bindings/+assets/App.svelte was not found by the project service. Consider either including it in the tsconfig.json or including it in allowDefaultProject
lint: 
lint: /Users/kurrytran/sveltekit-enterprise/docs/examples/05-bindings/08-each-block-bindings/+assets/App.svelte
lint:   0:0  error  Parsing error: /Users/kurrytran/sveltekit-enterprise/docs/examples/05-bindings/08-each-block-bindings/+assets/App.svelte was not found by the project service. Consider either including it in the tsconfig.json or including it in allowDefaultProject
lint: 
lint: /Users/kurrytran/sveltekit-enterprise/docs/examples/05-bindings/09-media-elements/+assets/App.svelte
lint:   0:0  error  Parsing error: /Users/kurrytran/sveltekit-enterprise/docs/examples/05-bindings/09-media-elements/+assets/App.svelte was not found by the project service. Consider either including it in the tsconfig.json or including it in allowDefaultProject
lint: 
lint: /Users/kurrytran/sveltekit-enterprise/docs/examples/05-bindings/10-dimensions/+assets/App.svelte
lint:   0:0  error  Parsing error: /Users/kurrytran/sveltekit-enterprise/docs/examples/05-bindings/10-dimensions/+assets/App.svelte was not found by the project service. Consider either including it in the tsconfig.json or including it in allowDefaultProject
lint: 
lint: /Users/kurrytran/sveltekit-enterprise/docs/examples/05-bindings/11-bind-this/+assets/App.svelte
lint:   0:0  error  Parsing error: /Users/kurrytran/sveltekit-enterprise/docs/examples/05-bindings/11-bind-this/+assets/App.svelte was not found by the project service. Consider either including it in the tsconfig.json or including it in allowDefaultProject
lint: 
lint: /Users/kurrytran/sveltekit-enterprise/docs/examples/05-bindings/12-component-bindings/+assets/App.svelte
lint:   0:0  error  Parsing error: /Users/kurrytran/sveltekit-enterprise/docs/examples/05-bindings/12-component-bindings/+assets/App.svelte was not found by the project service. Consider either including it in the tsconfig.json or including it in allowDefaultProject
lint: 
lint: /Users/kurrytran/sveltekit-enterprise/docs/examples/05-bindings/12-component-bindings/+assets/Keypad.svelte
lint:   0:0  error  Parsing error: /Users/kurrytran/sveltekit-enterprise/docs/examples/05-bindings/12-component-bindings/+assets/Keypad.svelte was not found by the project service. Consider either including it in the tsconfig.json or including it in allowDefaultProject
lint: 
lint: /Users/kurrytran/sveltekit-enterprise/docs/examples/06-lifecycle/00-onmount/+assets/App.svelte
lint:   0:0  error  Parsing error: /Users/kurrytran/sveltekit-enterprise/docs/examples/06-lifecycle/00-onmount/+assets/App.svelte was not found by the project service. Consider either including it in the tsconfig.json or including it in allowDefaultProject
lint: 
lint: /Users/kurrytran/sveltekit-enterprise/docs/examples/06-lifecycle/01-ondestroy/+assets/App.svelte
lint:   0:0  error  Parsing error: /Users/kurrytran/sveltekit-enterprise/docs/examples/06-lifecycle/01-ondestroy/+assets/App.svelte was not found by the project service. Consider either including it in the tsconfig.json or including it in allowDefaultProject
lint: 
lint: /Users/kurrytran/sveltekit-enterprise/docs/examples/06-lifecycle/02-tick/+assets/App.svelte
lint:   0:0  error  Parsing error: /Users/kurrytran/sveltekit-enterprise/docs/examples/06-lifecycle/02-tick/+assets/App.svelte was not found by the project service. Consider either including it in the tsconfig.json or including it in allowDefaultProject
lint: 
lint: /Users/kurrytran/sveltekit-enterprise/docs/examples/07-stores/00-writable-stores/+assets/App.svelte
lint:   0:0  error  Parsing error: /Users/kurrytran/sveltekit-enterprise/docs/examples/07-stores/00-writable-stores/+assets/App.svelte was not found by the project service. Consider either including it in the tsconfig.json or including it in allowDefaultProject
lint: 
lint: /Users/kurrytran/sveltekit-enterprise/docs/examples/07-stores/00-writable-stores/+assets/Decrementer.svelte
lint:   0:0  error  Parsing error: /Users/kurrytran/sveltekit-enterprise/docs/examples/07-stores/00-writable-stores/+assets/Decrementer.svelte was not found by the project service. Consider either including it in the tsconfig.json or including it in allowDefaultProject
lint: 
lint: /Users/kurrytran/sveltekit-enterprise/docs/examples/07-stores/00-writable-stores/+assets/Incrementer.svelte
lint:   0:0  error  Parsing error: /Users/kurrytran/sveltekit-enterprise/docs/examples/07-stores/00-writable-stores/+assets/Incrementer.svelte was not found by the project service. Consider either including it in the tsconfig.json or including it in allowDefaultProject
lint: 
lint: /Users/kurrytran/sveltekit-enterprise/docs/examples/07-stores/00-writable-stores/+assets/Resetter.svelte
lint:   0:0  error  Parsing error: /Users/kurrytran/sveltekit-enterprise/docs/examples/07-stores/00-writable-stores/+assets/Resetter.svelte was not found by the project service. Consider either including it in the tsconfig.json or including it in allowDefaultProject
lint: 
lint: /Users/kurrytran/sveltekit-enterprise/docs/examples/07-stores/01-auto-subscriptions/+assets/App.svelte
lint:   0:0  error  Parsing error: /Users/kurrytran/sveltekit-enterprise/docs/examples/07-stores/01-auto-subscriptions/+assets/App.svelte was not found by the project service. Consider either including it in the tsconfig.json or including it in allowDefaultProject
lint: 
lint: /Users/kurrytran/sveltekit-enterprise/docs/examples/07-stores/01-auto-subscriptions/+assets/Decrementer.svelte
lint:   0:0  error  Parsing error: /Users/kurrytran/sveltekit-enterprise/docs/examples/07-stores/01-auto-subscriptions/+assets/Decrementer.svelte was not found by the project service. Consider either including it in the tsconfig.json or including it in allowDefaultProject
lint: 
lint: /Users/kurrytran/sveltekit-enterprise/docs/examples/07-stores/01-auto-subscriptions/+assets/Incrementer.svelte
lint:   0:0  error  Parsing error: /Users/kurrytran/sveltekit-enterprise/docs/examples/07-stores/01-auto-subscriptions/+assets/Incrementer.svelte was not found by the project service. Consider either including it in the tsconfig.json or including it in allowDefaultProject
lint: 
lint: /Users/kurrytran/sveltekit-enterprise/docs/examples/07-stores/01-auto-subscriptions/+assets/Resetter.svelte
lint:   0:0  error  Parsing error: /Users/kurrytran/sveltekit-enterprise/docs/examples/07-stores/01-auto-subscriptions/+assets/Resetter.svelte was not found by the project service. Consider either including it in the tsconfig.json or including it in allowDefaultProject
lint: 
lint: /Users/kurrytran/sveltekit-enterprise/docs/examples/07-stores/02-readable-stores/+assets/App.svelte
lint:   0:0  error  Parsing error: /Users/kurrytran/sveltekit-enterprise/docs/examples/07-stores/02-readable-stores/+assets/App.svelte was not found by the project service. Consider either including it in the tsconfig.json or including it in allowDefaultProject
lint: 
lint: /Users/kurrytran/sveltekit-enterprise/docs/examples/07-stores/03-derived-stores/+assets/App.svelte
lint:   0:0  error  Parsing error: /Users/kurrytran/sveltekit-enterprise/docs/examples/07-stores/03-derived-stores/+assets/App.svelte was not found by the project service. Consider either including it in the tsconfig.json or including it in allowDefaultProject
lint: 
lint: /Users/kurrytran/sveltekit-enterprise/docs/examples/07-stores/04-custom-stores/+assets/App.svelte
lint:   0:0  error  Parsing error: /Users/kurrytran/sveltekit-enterprise/docs/examples/07-stores/04-custom-stores/+assets/App.svelte was not found by the project service. Consider either including it in the tsconfig.json or including it in allowDefaultProject
lint: 
lint: /Users/kurrytran/sveltekit-enterprise/docs/examples/08-motion/00-tweened/+assets/App.svelte
lint:   0:0  error  Parsing error: /Users/kurrytran/sveltekit-enterprise/docs/examples/08-motion/00-tweened/+assets/App.svelte was not found by the project service. Consider either including it in the tsconfig.json or including it in allowDefaultProject
lint: 
lint: /Users/kurrytran/sveltekit-enterprise/docs/examples/08-motion/01-spring/+assets/App.svelte
lint:   0:0  error  Parsing error: /Users/kurrytran/sveltekit-enterprise/docs/examples/08-motion/01-spring/+assets/App.svelte was not found by the project service. Consider either including it in the tsconfig.json or including it in allowDefaultProject
lint: 
lint: /Users/kurrytran/sveltekit-enterprise/docs/examples/09-transitions/00-transition/+assets/App.svelte
lint:   0:0  error  Parsing error: /Users/kurrytran/sveltekit-enterprise/docs/examples/09-transitions/00-transition/+assets/App.svelte was not found by the project service. Consider either including it in the tsconfig.json or including it in allowDefaultProject
lint: 
lint: /Users/kurrytran/sveltekit-enterprise/docs/examples/09-transitions/01-adding-parameters-to-transitions/+assets/App.svelte
lint:   0:0  error  Parsing error: /Users/kurrytran/sveltekit-enterprise/docs/examples/09-transitions/01-adding-parameters-to-transitions/+assets/App.svelte was not found by the project service. Consider either including it in the tsconfig.json or including it in allowDefaultProject
lint: 
lint: /Users/kurrytran/sveltekit-enterprise/docs/examples/09-transitions/02-in-and-out/+assets/App.svelte
lint:   0:0  error  Parsing error: /Users/kurrytran/sveltekit-enterprise/docs/examples/09-transitions/02-in-and-out/+assets/App.svelte was not found by the project service. Consider either including it in the tsconfig.json or including it in allowDefaultProject
lint: 
lint: /Users/kurrytran/sveltekit-enterprise/docs/examples/09-transitions/03-custom-css-transitions/+assets/App.svelte
lint:   0:0  error  Parsing error: /Users/kurrytran/sveltekit-enterprise/docs/examples/09-transitions/03-custom-css-transitions/+assets/App.svelte was not found by the project service. Consider either including it in the tsconfig.json or including it in allowDefaultProject
lint: 
lint: /Users/kurrytran/sveltekit-enterprise/docs/examples/09-transitions/04-custom-js-transitions/+assets/App.svelte
lint:   0:0  error  Parsing error: /Users/kurrytran/sveltekit-enterprise/docs/examples/09-transitions/04-custom-js-transitions/+assets/App.svelte was not found by the project service. Consider either including it in the tsconfig.json or including it in allowDefaultProject
lint: 
lint: /Users/kurrytran/sveltekit-enterprise/docs/examples/09-transitions/05-transition-events/+assets/App.svelte
lint:   0:0  error  Parsing error: /Users/kurrytran/sveltekit-enterprise/docs/examples/09-transitions/05-transition-events/+assets/App.svelte was not found by the project service. Consider either including it in the tsconfig.json or including it in allowDefaultProject
lint: 
lint: /Users/kurrytran/sveltekit-enterprise/docs/examples/09-transitions/06-deferred-transitions/+assets/App.svelte
lint:   0:0  error  Parsing error: /Users/kurrytran/sveltekit-enterprise/docs/examples/09-transitions/06-deferred-transitions/+assets/App.svelte was not found by the project service. Consider either including it in the tsconfig.json or including it in allowDefaultProject
lint: 
lint: /Users/kurrytran/sveltekit-enterprise/docs/examples/10-animations/00-animate/+assets/App.svelte
lint:   0:0  error  Parsing error: /Users/kurrytran/sveltekit-enterprise/docs/examples/10-animations/00-animate/+assets/App.svelte was not found by the project service. Consider either including it in the tsconfig.json or including it in allowDefaultProject
lint: 
lint: /Users/kurrytran/sveltekit-enterprise/docs/examples/11-easing/00-easing/+assets/App.svelte
lint:   0:0  error  Parsing error: /Users/kurrytran/sveltekit-enterprise/docs/examples/11-easing/00-easing/+assets/App.svelte was not found by the project service. Consider either including it in the tsconfig.json or including it in allowDefaultProject
lint: 
lint: /Users/kurrytran/sveltekit-enterprise/docs/examples/11-easing/00-easing/+assets/Controls.svelte
lint:   0:0  error  Parsing error: /Users/kurrytran/sveltekit-enterprise/docs/examples/11-easing/00-easing/+assets/Controls.svelte was not found by the project service. Consider either including it in the tsconfig.json or including it in allowDefaultProject
lint: 
lint: /Users/kurrytran/sveltekit-enterprise/docs/examples/11-easing/00-easing/+assets/Grid.svelte
lint:   0:0  error  Parsing error: /Users/kurrytran/sveltekit-enterprise/docs/examples/11-easing/00-easing/+assets/Grid.svelte was not found by the project service. Consider either including it in the tsconfig.json or including it in allowDefaultProject
lint: 
lint: /Users/kurrytran/sveltekit-enterprise/docs/examples/12-svg/01-clock/+assets/App.svelte
lint:   0:0  error  Parsing error: /Users/kurrytran/sveltekit-enterprise/docs/examples/12-svg/01-clock/+assets/App.svelte was not found by the project service. Consider either including it in the tsconfig.json or including it in allowDefaultProject
lint: 
lint: /Users/kurrytran/sveltekit-enterprise/docs/examples/12-svg/02-bar-chart/+assets/App.svelte
lint:   0:0  error  Parsing error: /Users/kurrytran/sveltekit-enterprise/docs/examples/12-svg/02-bar-chart/+assets/App.svelte was not found by the project service. Consider either including it in the tsconfig.json or including it in allowDefaultProject
lint: 
lint: /Users/kurrytran/sveltekit-enterprise/docs/examples/12-svg/03-area-chart/+assets/App.svelte
lint:   0:0  error  Parsing error: /Users/kurrytran/sveltekit-enterprise/docs/examples/12-svg/03-area-chart/+assets/App.svelte was not found by the project service. Consider either including it in the tsconfig.json or including it in allowDefaultProject
lint: 
lint: /Users/kurrytran/sveltekit-enterprise/docs/examples/12-svg/04-scatterplot/+assets/App.svelte
lint:   0:0  error  Parsing error: /Users/kurrytran/sveltekit-enterprise/docs/examples/12-svg/04-scatterplot/+assets/App.svelte was not found by the project service. Consider either including it in the tsconfig.json or including it in allowDefaultProject
lint: 
lint: /Users/kurrytran/sveltekit-enterprise/docs/examples/12-svg/04-scatterplot/+assets/Scatterplot.svelte
lint:   0:0  error  Parsing error: /Users/kurrytran/sveltekit-enterprise/docs/examples/12-svg/04-scatterplot/+assets/Scatterplot.svelte was not found by the project service. Consider either including it in the tsconfig.json or including it in allowDefaultProject
lint: 
lint: /Users/kurrytran/sveltekit-enterprise/docs/examples/12-svg/05-svg-transitions/+assets/App.svelte
lint:   0:0  error  Parsing error: /Users/kurrytran/sveltekit-enterprise/docs/examples/12-svg/05-svg-transitions/+assets/App.svelte was not found by the project service. Consider either including it in the tsconfig.json or including it in allowDefaultProject
lint: 
lint: /Users/kurrytran/sveltekit-enterprise/docs/examples/13-actions/00-actions/+assets/App.svelte
lint:   0:0  error  Parsing error: /Users/kurrytran/sveltekit-enterprise/docs/examples/13-actions/00-actions/+assets/App.svelte was not found by the project service. Consider either including it in the tsconfig.json or including it in allowDefaultProject
lint: 
lint: /Users/kurrytran/sveltekit-enterprise/docs/examples/13-actions/01-adding-parameters-to-actions/+assets/App.svelte
lint:   0:0  error  Parsing error: /Users/kurrytran/sveltekit-enterprise/docs/examples/13-actions/01-adding-parameters-to-actions/+assets/App.svelte was not found by the project service. Consider either including it in the tsconfig.json or including it in allowDefaultProject
lint: 
lint: /Users/kurrytran/sveltekit-enterprise/docs/examples/13-actions/03-actions-pannable/+assets/App.svelte
lint:   0:0  error  Parsing error: /Users/kurrytran/sveltekit-enterprise/docs/examples/13-actions/03-actions-pannable/+assets/App.svelte was not found by the project service. Consider either including it in the tsconfig.json or including it in allowDefaultProject
lint: 
lint: /Users/kurrytran/sveltekit-enterprise/docs/examples/14-classes/00-classes/+assets/App.svelte
lint:   0:0  error  Parsing error: /Users/kurrytran/sveltekit-enterprise/docs/examples/14-classes/00-classes/+assets/App.svelte was not found by the project service. Consider either including it in the tsconfig.json or including it in allowDefaultProject
lint: 
lint: /Users/kurrytran/sveltekit-enterprise/docs/examples/14-classes/01-class-shorthand/+assets/App.svelte
lint:   0:0  error  Parsing error: /Users/kurrytran/sveltekit-enterprise/docs/examples/14-classes/01-class-shorthand/+assets/App.svelte was not found by the project service. Consider either including it in the tsconfig.json or including it in allowDefaultProject
lint: 
lint: /Users/kurrytran/sveltekit-enterprise/docs/examples/15-composition/00-render-props/+assets/App.svelte
lint:   0:0  error  Parsing error: /Users/kurrytran/sveltekit-enterprise/docs/examples/15-composition/00-render-props/+assets/App.svelte was not found by the project service. Consider either including it in the tsconfig.json or including it in allowDefaultProject
lint: 
lint: /Users/kurrytran/sveltekit-enterprise/docs/examples/15-composition/00-render-props/+assets/Box.svelte
lint:   0:0  error  Parsing error: /Users/kurrytran/sveltekit-enterprise/docs/examples/15-composition/00-render-props/+assets/Box.svelte was not found by the project service. Consider either including it in the tsconfig.json or including it in allowDefaultProject
lint: 
lint: /Users/kurrytran/sveltekit-enterprise/docs/examples/15-composition/01-render-prop-fallbacks/+assets/App.svelte
lint:   0:0  error  Parsing error: /Users/kurrytran/sveltekit-enterprise/docs/examples/15-composition/01-render-prop-fallbacks/+assets/App.svelte was not found by the project service. Consider either including it in the tsconfig.json or including it in allowDefaultProject
lint: 
lint: /Users/kurrytran/sveltekit-enterprise/docs/examples/15-composition/01-render-prop-fallbacks/+assets/Box.svelte
lint:   0:0  error  Parsing error: /Users/kurrytran/sveltekit-enterprise/docs/examples/15-composition/01-render-prop-fallbacks/+assets/Box.svelte was not found by the project service. Consider either including it in the tsconfig.json or including it in allowDefaultProject
lint: 
lint: /Users/kurrytran/sveltekit-enterprise/docs/examples/15-composition/02-named-render-props/+assets/App.svelte
lint:   0:0  error  Parsing error: /Users/kurrytran/sveltekit-enterprise/docs/examples/15-composition/02-named-render-props/+assets/App.svelte was not found by the project service. Consider either including it in the tsconfig.json or including it in allowDefaultProject
lint: 
lint: /Users/kurrytran/sveltekit-enterprise/docs/examples/15-composition/02-named-render-props/+assets/ContactCard.svelte
lint:   0:0  error  Parsing error: /Users/kurrytran/sveltekit-enterprise/docs/examples/15-composition/02-named-render-props/+assets/ContactCard.svelte was not found by the project service. Consider either including it in the tsconfig.json or including it in allowDefaultProject
lint: 
lint: /Users/kurrytran/sveltekit-enterprise/docs/examples/15-composition/03-render-prop-props/+assets/App.svelte
lint:   0:0  error  Parsing error: /Users/kurrytran/sveltekit-enterprise/docs/examples/15-composition/03-render-prop-props/+assets/App.svelte was not found by the project service. Consider either including it in the tsconfig.json or including it in allowDefaultProject
lint: 
lint: /Users/kurrytran/sveltekit-enterprise/docs/examples/15-composition/03-render-prop-props/+assets/Hoverable.svelte
lint:   0:0  error  Parsing error: /Users/kurrytran/sveltekit-enterprise/docs/examples/15-composition/03-render-prop-props/+assets/Hoverable.svelte was not found by the project service. Consider either including it in the tsconfig.json or including it in allowDefaultProject
lint: 
lint: /Users/kurrytran/sveltekit-enterprise/docs/examples/15-composition/04-conditional-render-props/+assets/App.svelte
lint:   0:0  error  Parsing error: /Users/kurrytran/sveltekit-enterprise/docs/examples/15-composition/04-conditional-render-props/+assets/App.svelte was not found by the project service. Consider either including it in the tsconfig.json or including it in allowDefaultProject
lint: 
lint: /Users/kurrytran/sveltekit-enterprise/docs/examples/15-composition/04-conditional-render-props/+assets/Profile.svelte
lint:   0:0  error  Parsing error: /Users/kurrytran/sveltekit-enterprise/docs/examples/15-composition/04-conditional-render-props/+assets/Profile.svelte was not found by the project service. Consider either including it in the tsconfig.json or including it in allowDefaultProject
lint: 
lint: /Users/kurrytran/sveltekit-enterprise/docs/examples/15-composition/05-modal/+assets/App.svelte
lint:   0:0  error  Parsing error: /Users/kurrytran/sveltekit-enterprise/docs/examples/15-composition/05-modal/+assets/App.svelte was not found by the project service. Consider either including it in the tsconfig.json or including it in allowDefaultProject
lint: 
lint: /Users/kurrytran/sveltekit-enterprise/docs/examples/15-composition/05-modal/+assets/Modal.svelte
lint:   0:0  error  Parsing error: /Users/kurrytran/sveltekit-enterprise/docs/examples/15-composition/05-modal/+assets/Modal.svelte was not found by the project service. Consider either including it in the tsconfig.json or including it in allowDefaultProject
lint: 
lint: /Users/kurrytran/sveltekit-enterprise/docs/examples/16-context/00-context-api/+assets/App.svelte
lint:   0:0  error  Parsing error: /Users/kurrytran/sveltekit-enterprise/docs/examples/16-context/00-context-api/+assets/App.svelte was not found by the project service. Consider either including it in the tsconfig.json or including it in allowDefaultProject
lint: 
lint: /Users/kurrytran/sveltekit-enterprise/docs/examples/16-context/00-context-api/+assets/Map.svelte
lint:   0:0  error  Parsing error: /Users/kurrytran/sveltekit-enterprise/docs/examples/16-context/00-context-api/+assets/Map.svelte was not found by the project service. Consider either including it in the tsconfig.json or including it in allowDefaultProject
lint: 
lint: /Users/kurrytran/sveltekit-enterprise/docs/examples/16-context/00-context-api/+assets/MapMarker.svelte
lint:   0:0  error  Parsing error: /Users/kurrytran/sveltekit-enterprise/docs/examples/16-context/00-context-api/+assets/MapMarker.svelte was not found by the project service. Consider either including it in the tsconfig.json or including it in allowDefaultProject
lint: 
lint: /Users/kurrytran/sveltekit-enterprise/docs/examples/17-special-elements/01-svelte-element/+assets/App.svelte
lint:   0:0  error  Parsing error: /Users/kurrytran/sveltekit-enterprise/docs/examples/17-special-elements/01-svelte-element/+assets/App.svelte was not found by the project service. Consider either including it in the tsconfig.json or including it in allowDefaultProject
lint: 
lint: /Users/kurrytran/sveltekit-enterprise/docs/examples/17-special-elements/02-svelte-window/+assets/App.svelte
lint:   0:0  error  Parsing error: /Users/kurrytran/sveltekit-enterprise/docs/examples/17-special-elements/02-svelte-window/+assets/App.svelte was not found by the project service. Consider either including it in the tsconfig.json or including it in allowDefaultProject
lint: 
lint: /Users/kurrytran/sveltekit-enterprise/docs/examples/17-special-elements/03-svelte-window-bindings/+assets/App.svelte
lint:   0:0  error  Parsing error: /Users/kurrytran/sveltekit-enterprise/docs/examples/17-special-elements/03-svelte-window-bindings/+assets/App.svelte was not found by the project service. Consider either including it in the tsconfig.json or including it in allowDefaultProject
lint: 
lint: /Users/kurrytran/sveltekit-enterprise/docs/examples/17-special-elements/04-svelte-document/+assets/App.svelte
lint:   0:0  error  Parsing error: /Users/kurrytran/sveltekit-enterprise/docs/examples/17-special-elements/04-svelte-document/+assets/App.svelte was not found by the project service. Consider either including it in the tsconfig.json or including it in allowDefaultProject
lint: 
lint: /Users/kurrytran/sveltekit-enterprise/docs/examples/17-special-elements/07-svelte-body/+assets/App.svelte
lint:   0:0  error  Parsing error: /Users/kurrytran/sveltekit-enterprise/docs/examples/17-special-elements/07-svelte-body/+assets/App.svelte was not found by the project service. Consider either including it in the tsconfig.json or including it in allowDefaultProject
lint: 
lint: /Users/kurrytran/sveltekit-enterprise/docs/examples/17-special-elements/08-svelte-head/+assets/App.svelte
lint:   0:0  error  Parsing error: /Users/kurrytran/sveltekit-enterprise/docs/examples/17-special-elements/08-svelte-head/+assets/App.svelte was not found by the project service. Consider either including it in the tsconfig.json or including it in allowDefaultProject
lint: 
lint: /Users/kurrytran/sveltekit-enterprise/docs/examples/18-module-context/01-module-exports/+assets/App.svelte
lint:   0:0  error  Parsing error: /Users/kurrytran/sveltekit-enterprise/docs/examples/18-module-context/01-module-exports/+assets/App.svelte was not found by the project service. Consider either including it in the tsconfig.json or including it in allowDefaultProject
lint: 
lint: /Users/kurrytran/sveltekit-enterprise/docs/examples/18-module-context/01-module-exports/+assets/AudioPlayer.svelte
lint:   0:0  error  Parsing error: /Users/kurrytran/sveltekit-enterprise/docs/examples/18-module-context/01-module-exports/+assets/AudioPlayer.svelte was not found by the project service. Consider either including it in the tsconfig.json or including it in allowDefaultProject
lint: 
lint: /Users/kurrytran/sveltekit-enterprise/docs/examples/19-debugging/00-debug/+assets/App.svelte
lint:   0:0  error  Parsing error: /Users/kurrytran/sveltekit-enterprise/docs/examples/19-debugging/00-debug/+assets/App.svelte was not found by the project service. Consider either including it in the tsconfig.json or including it in allowDefaultProject
lint: 
lint: /Users/kurrytran/sveltekit-enterprise/docs/examples/20-7guis/01-7guis-counter/+assets/App.svelte
lint:   0:0  error  Parsing error: /Users/kurrytran/sveltekit-enterprise/docs/examples/20-7guis/01-7guis-counter/+assets/App.svelte was not found by the project service. Consider either including it in the tsconfig.json or including it in allowDefaultProject
lint: 
lint: /Users/kurrytran/sveltekit-enterprise/docs/examples/20-7guis/02-7guis-temperature/+assets/App.svelte
lint:   0:0  error  Parsing error: /Users/kurrytran/sveltekit-enterprise/docs/examples/20-7guis/02-7guis-temperature/+assets/App.svelte was not found by the project service. Consider either including it in the tsconfig.json or including it in allowDefaultProject
lint: 
lint: /Users/kurrytran/sveltekit-enterprise/docs/examples/20-7guis/03-7guis-flight-booker/+assets/App.svelte
lint:   0:0  error  Parsing error: /Users/kurrytran/sveltekit-enterprise/docs/examples/20-7guis/03-7guis-flight-booker/+assets/App.svelte was not found by the project service. Consider either including it in the tsconfig.json or including it in allowDefaultProject
lint: 
lint: /Users/kurrytran/sveltekit-enterprise/docs/examples/20-7guis/04-7guis-timer/+assets/App.svelte
lint:   0:0  error  Parsing error: /Users/kurrytran/sveltekit-enterprise/docs/examples/20-7guis/04-7guis-timer/+assets/App.svelte was not found by the project service. Consider either including it in the tsconfig.json or including it in allowDefaultProject
lint: 
lint: /Users/kurrytran/sveltekit-enterprise/docs/examples/20-7guis/05-7guis-crud/+assets/App.svelte
lint:   0:0  error  Parsing error: /Users/kurrytran/sveltekit-enterprise/docs/examples/20-7guis/05-7guis-crud/+assets/App.svelte was not found by the project service. Consider either including it in the tsconfig.json or including it in allowDefaultProject
lint: 
lint: /Users/kurrytran/sveltekit-enterprise/docs/examples/20-7guis/06-7guis-circles/+assets/App.svelte
lint:   0:0  error  Parsing error: /Users/kurrytran/sveltekit-enterprise/docs/examples/20-7guis/06-7guis-circles/+assets/App.svelte was not found by the project service. Consider either including it in the tsconfig.json or including it in allowDefaultProject
lint: 
lint: /Users/kurrytran/sveltekit-enterprise/docs/examples/21-miscellaneous/00-recursive-components/+assets/App.svelte
lint:   0:0  error  Parsing error: /Users/kurrytran/sveltekit-enterprise/docs/examples/21-miscellaneous/00-recursive-components/+assets/App.svelte was not found by the project service. Consider either including it in the tsconfig.json or including it in allowDefaultProject
lint: 
lint: /Users/kurrytran/sveltekit-enterprise/docs/examples/21-miscellaneous/00-recursive-components/+assets/File.svelte
lint:   0:0  error  Parsing error: /Users/kurrytran/sveltekit-enterprise/docs/examples/21-miscellaneous/00-recursive-components/+assets/File.svelte was not found by the project service. Consider either including it in the tsconfig.json or including it in allowDefaultProject
lint: 
lint: /Users/kurrytran/sveltekit-enterprise/docs/examples/21-miscellaneous/00-recursive-components/+assets/Folder.svelte
lint:   0:0  error  Parsing error: /Users/kurrytran/sveltekit-enterprise/docs/examples/21-miscellaneous/00-recursive-components/+assets/Folder.svelte was not found by the project service. Consider either including it in the tsconfig.json or including it in allowDefaultProject
lint: 
lint: /Users/kurrytran/sveltekit-enterprise/docs/examples/21-miscellaneous/01-dynamic-components/+assets/App.svelte
lint:   0:0  error  Parsing error: /Users/kurrytran/sveltekit-enterprise/docs/examples/21-miscellaneous/01-dynamic-components/+assets/App.svelte was not found by the project service. Consider either including it in the tsconfig.json or including it in allowDefaultProject
lint: 
lint: /Users/kurrytran/sveltekit-enterprise/docs/examples/21-miscellaneous/01-dynamic-components/+assets/BlueThing.svelte
lint:   0:0  error  Parsing error: /Users/kurrytran/sveltekit-enterprise/docs/examples/21-miscellaneous/01-dynamic-components/+assets/BlueThing.svelte was not found by the project service. Consider either including it in the tsconfig.json or including it in allowDefaultProject
lint: 
lint: /Users/kurrytran/sveltekit-enterprise/docs/examples/21-miscellaneous/01-dynamic-components/+assets/GreenThing.svelte
lint:   0:0  error  Parsing error: /Users/kurrytran/sveltekit-enterprise/docs/examples/21-miscellaneous/01-dynamic-components/+assets/GreenThing.svelte was not found by the project service. Consider either including it in the tsconfig.json or including it in allowDefaultProject
lint: 
lint: /Users/kurrytran/sveltekit-enterprise/docs/examples/21-miscellaneous/01-dynamic-components/+assets/RedThing.svelte
lint:   0:0  error  Parsing error: /Users/kurrytran/sveltekit-enterprise/docs/examples/21-miscellaneous/01-dynamic-components/+assets/RedThing.svelte was not found by the project service. Consider either including it in the tsconfig.json or including it in allowDefaultProject
lint: 
lint: /Users/kurrytran/sveltekit-enterprise/docs/examples/21-miscellaneous/02-hacker-news/+assets/App.svelte
lint:   0:0  error  Parsing error: /Users/kurrytran/sveltekit-enterprise/docs/examples/21-miscellaneous/02-hacker-news/+assets/App.svelte was not found by the project service. Consider either including it in the tsconfig.json or including it in allowDefaultProject
lint: 
lint: /Users/kurrytran/sveltekit-enterprise/docs/examples/21-miscellaneous/02-hacker-news/+assets/Comment.svelte
lint:   0:0  error  Parsing error: /Users/kurrytran/sveltekit-enterprise/docs/examples/21-miscellaneous/02-hacker-news/+assets/Comment.svelte was not found by the project service. Consider either including it in the tsconfig.json or including it in allowDefaultProject
lint: 
lint: /Users/kurrytran/sveltekit-enterprise/docs/examples/21-miscellaneous/02-hacker-news/+assets/Item.svelte
lint:   0:0  error  Parsing error: /Users/kurrytran/sveltekit-enterprise/docs/examples/21-miscellaneous/02-hacker-news/+assets/Item.svelte was not found by the project service. Consider either including it in the tsconfig.json or including it in allowDefaultProject
lint: 
lint: /Users/kurrytran/sveltekit-enterprise/docs/examples/21-miscellaneous/02-hacker-news/+assets/List.svelte
lint:   0:0  error  Parsing error: /Users/kurrytran/sveltekit-enterprise/docs/examples/21-miscellaneous/02-hacker-news/+assets/List.svelte was not found by the project service. Consider either including it in the tsconfig.json or including it in allowDefaultProject
lint: 
lint: /Users/kurrytran/sveltekit-enterprise/docs/examples/21-miscellaneous/02-hacker-news/+assets/Summary.svelte
lint:   0:0  error  Parsing error: /Users/kurrytran/sveltekit-enterprise/docs/examples/21-miscellaneous/02-hacker-news/+assets/Summary.svelte was not found by the project service. Consider either including it in the tsconfig.json or including it in allowDefaultProject
lint: 
lint: /Users/kurrytran/sveltekit-enterprise/docs/examples/99-embeds/00-untitled/+assets/App.svelte
lint:   0:0  error  Parsing error: /Users/kurrytran/sveltekit-enterprise/docs/examples/99-embeds/00-untitled/+assets/App.svelte was not found by the project service. Consider either including it in the tsconfig.json or including it in allowDefaultProject
lint: 
lint: /Users/kurrytran/sveltekit-enterprise/docs/examples/99-embeds/20181225-blog-svelte-css-in-js/+assets/App.svelte
lint:   0:0  error  Parsing error: /Users/kurrytran/sveltekit-enterprise/docs/examples/99-embeds/20181225-blog-svelte-css-in-js/+assets/App.svelte was not found by the project service. Consider either including it in the tsconfig.json or including it in allowDefaultProject
lint: 
lint: /Users/kurrytran/sveltekit-enterprise/docs/examples/99-embeds/20181225-blog-svelte-css-in-js/+assets/Hero.svelte
lint:   0:0  error  Parsing error: /Users/kurrytran/sveltekit-enterprise/docs/examples/99-embeds/20181225-blog-svelte-css-in-js/+assets/Hero.svelte was not found by the project service. Consider either including it in the tsconfig.json or including it in allowDefaultProject
lint: 
lint: /Users/kurrytran/sveltekit-enterprise/docs/examples/99-embeds/20190420-blog-write-less-code/+assets/App.svelte
lint:   0:0  error  Parsing error: /Users/kurrytran/sveltekit-enterprise/docs/examples/99-embeds/20190420-blog-write-less-code/+assets/App.svelte was not found by the project service. Consider either including it in the tsconfig.json or including it in allowDefaultProject
lint: 
lint: /Users/kurrytran/sveltekit-enterprise/report-bundle-size.js
lint:     2:1   warning  Unused eslint-disable directive (no problems were reported from 'no-console')
lint:    10:16  error    A `require()` style import is forbidden                                        @typescript-eslint/no-require-imports
lint:    11:16  error    A `require()` style import is forbidden                                        @typescript-eslint/no-require-imports
lint:    12:12  error    A `require()` style import is forbidden                                        @typescript-eslint/no-require-imports
lint:    13:14  error    A `require()` style import is forbidden                                        @typescript-eslint/no-require-imports
lint:    23:10  error    'err' is defined but never used                                                @typescript-eslint/no-unused-vars
lint:    31:19  error    A `require()` style import is forbidden                                        @typescript-eslint/no-require-imports
lint:    32:20  error    A `require()` style import is forbidden                                        @typescript-eslint/no-require-imports
lint:    41:7   error    'globalBundleSizes' is assigned a value but never used                         @typescript-eslint/no-unused-vars
lint:    45:7   error    'allPageSizes' is assigned a value but never used                              @typescript-eslint/no-unused-vars
lint:   124:14  error    A `require()` style import is forbidden                                        @typescript-eslint/no-require-imports
lint: 
lint: /Users/kurrytran/sveltekit-enterprise/src/lib/components/Button.svelte
lint:    2:21  error  'VariantProps' is defined but never used  @typescript-eslint/no-unused-vars
lint:   28:14  error  Unexpected any. Specify a different type  @typescript-eslint/no-explicit-any
lint: 
lint: /Users/kurrytran/sveltekit-enterprise/src/lib/server/db/schema.ts
lint:   1:19  error  'serial' is defined but never used  @typescript-eslint/no-unused-vars
lint: 
lint: /Users/kurrytran/sveltekit-enterprise/src/routes/+page.svelte
lint:   47:4  error  Each block should have a key      svelte/require-each-key
lint:   54:9  error  `{@html}` can lead to XSS attack  svelte/no-at-html-tags
lint: 
lint: /Users/kurrytran/sveltekit-enterprise/src/routes/demo/+page.svelte
lint:   1:10  error  Found a link with a url that isn't resolved  svelte/no-navigation-without-resolve
lint: 
lint: /Users/kurrytran/sveltekit-enterprise/src/stories/Page.stories.svelte
lint:   5:11  error  'fn' is defined but never used  @typescript-eslint/no-unused-vars
lint: 
lint: ✖ 147 problems (146 errors, 1 warning)
lint:   0 errors and 1 warning potentially fixable with the `--fix` option.
lint: 
lint:  ELIFECYCLE  Command failed with exit code 1.
lint: ERROR: command finished with error: command (/Users/kurrytran/sveltekit-enterprise/) /opt/homebrew/bin/pnpm run lint exited (1)
lint: command (/Users/kurrytran/sveltekit-enterprise/) /opt/homebrew/bin/pnpm run lint exited (1)

 Tasks:    0 successful, 1 total
Cached:    0 cached, 1 total
  Time:    12m34.15s 
Failed:    //#lint

 ERROR  run failed: command  exited (1)
