
> sveltekit-enterprise@0.0.1 build /Users/kurrytran/sveltekit-enterprise
> vite build

vite v7.1.9 building SSR bundle for production...
transforming...
10:32:45 PM [vite-plugin-svelte] src/routes/examples/00-introduction/02-styling/+page.svelte:19:1 Unused CSS selector ".colorful"
https://svelte.dev/e/css_unused_selector
17:   }
18: 
19:   .colorful {
               ^
20:     background: linear-gradient(45deg, #ff6b6b, #4ecdc4, #45b7d1, #f9ca24);
21:     -webkit-background-clip: text;
10:32:45 PM [vite-plugin-svelte] src/routes/examples/7guis/7guis-circles/+page.svelte:74:0 Visible, non-interactive elements with a click event must be accompanied by a keyboard event handler. Consider whether an interactive element such as `<button type="button">` or `<a>` might be more appropriate
https://svelte.dev/e/a11y_click_events_have_key_events
72: </div>
73: 
74: <svg onclick={handleClick}>
          ^
75:   {#each circles as circle}
76:     <circle
10:32:45 PM [vite-plugin-svelte] src/routes/examples/7guis/7guis-circles/+page.svelte:74:0 `<svg>` with a click handler must have an ARIA role
https://svelte.dev/e/a11y_no_static_element_interactions
72: </div>
73: 
74: <svg onclick={handleClick}>
          ^
75:   {#each circles as circle}
76:     <circle
10:32:45 PM [vite-plugin-svelte] src/routes/examples/7guis/7guis-circles/+page.svelte:76:2 Visible, non-interactive elements with a click event must be accompanied by a keyboard event handler. Consider whether an interactive element such as `<button type="button">` or `<a>` might be more appropriate
https://svelte.dev/e/a11y_click_events_have_key_events
74: <svg onclick={handleClick}>
75:   {#each circles as circle}
76:     <circle
          ^
77:       cx={circle.cx}
78:       cy={circle.cy}
10:32:45 PM [vite-plugin-svelte] src/routes/examples/7guis/7guis-circles/+page.svelte:76:2 `<circle>` with a click or contextmenu handler must have an ARIA role
https://svelte.dev/e/a11y_no_static_element_interactions
74: <svg onclick={handleClick}>
75:   {#each circles as circle}
76:     <circle
          ^
77:       cx={circle.cx}
78:       cy={circle.cy}
10:32:45 PM [vite-plugin-svelte] src/routes/examples/7guis/7guis-flight-booker/+page.svelte:11:18 This reference only captures the initial value of `start`. Did you mean to reference it inside a closure instead?
https://svelte.dev/e/state_referenced_locally
 9: 
10:   let start = $state(startValue);
11:   let end = $state(start);
                            ^
12:   let isReturn = $state(false);
13: 
10:32:45 PM [vite-plugin-svelte] src/routes/examples/animations/animate/+page.svelte:31:18 This reference only captures the initial value of `todos`. Did you mean to reference it inside a derived instead?
https://svelte.dev/e/state_referenced_locally
29:   ]);
30: 
31:   let uid = $state(todos.length + 1);
                            ^
32: 
33:   function add(input: HTMLInputElement) {
10:32:45 PM [vite-plugin-svelte] src/routes/examples/easing/easing/+page.svelte:20:27 This reference only captures the initial value of `current`. Did you mean to reference it inside a closure instead?
https://svelte.dev/e/state_referenced_locally
18:   });
19: 
20:   const ease_path = tweened(current()?.shape || '', { interpolate });
                                       ^
21:   const time = tweened(0);
22:   const value = tweened(1000);
10:32:45 PM [vite-plugin-svelte] src/routes/examples/motion/spring/+page.svelte:27:0 Non-interactive element `<svg>` should not be assigned mouse or keyboard event listeners
https://svelte.dev/e/a11y_no_noninteractive_element_interactions
25: </div>
26: 
27: <svg
        ^
28:   role="img"
29:   onmousemove={(e: MouseEvent) => coords.set({ x: e.clientX, y: e.clientY })}

/svelte-logo-mask.svg referenced in /svelte-logo-mask.svg didn't resolve at build time, it will remain unchanged to be resolved at runtime

/tutorial/icons/map-marker.svg referenced in /tutorial/icons/map-marker.svg didn't resolve at build time, it will remain unchanged to be resolved at runtime

/tutorial/icons/email.svg referenced in /tutorial/icons/email.svg didn't resolve at build time, it will remain unchanged to be resolved at runtime

/tutorial/icons/folder.svg referenced in /tutorial/icons/folder.svg didn't resolve at build time, it will remain unchanged to be resolved at runtime

/tutorial/icons/folder-open.svg referenced in /tutorial/icons/folder-open.svg didn't resolve at build time, it will remain unchanged to be resolved at runtime
"ResultAsync" is imported from external module "neverthrow" but never used in "src/routes/chat/[chatId]/+page.server.ts", "src/routes/api/vote/[chatId]/+server.ts", "src/routes/api/vote/[chatId]/[messageId]/+server.ts", "src/lib/server/auth/index.ts", "src/routes/auth/[authType=authType]/+page.server.ts", "src/lib/server/database/utils.ts", "src/lib/server/ai/utils.ts", "src/lib/server/database/queries.ts" and "src/routes/api/chat/+server.ts".
✓ 3127 modules transformed.
rendering chunks...
vite v7.1.9 building for production...
transforming...
10:32:51 PM [vite-plugin-svelte] src/routes/examples/00-introduction/02-styling/+page.svelte:19:1 Unused CSS selector ".colorful"
https://svelte.dev/e/css_unused_selector
17:   }
18: 
19:   .colorful {
               ^
20:     background: linear-gradient(45deg, #ff6b6b, #4ecdc4, #45b7d1, #f9ca24);
21:     -webkit-background-clip: text;
10:32:51 PM [vite-plugin-svelte] src/routes/examples/7guis/7guis-circles/+page.svelte:74:0 Visible, non-interactive elements with a click event must be accompanied by a keyboard event handler. Consider whether an interactive element such as `<button type="button">` or `<a>` might be more appropriate
https://svelte.dev/e/a11y_click_events_have_key_events
72: </div>
73: 
74: <svg onclick={handleClick}>
          ^
75:   {#each circles as circle}
76:     <circle
10:32:51 PM [vite-plugin-svelte] src/routes/examples/7guis/7guis-circles/+page.svelte:74:0 `<svg>` with a click handler must have an ARIA role
https://svelte.dev/e/a11y_no_static_element_interactions
72: </div>
73: 
74: <svg onclick={handleClick}>
          ^
75:   {#each circles as circle}
76:     <circle
10:32:51 PM [vite-plugin-svelte] src/routes/examples/7guis/7guis-circles/+page.svelte:76:2 Visible, non-interactive elements with a click event must be accompanied by a keyboard event handler. Consider whether an interactive element such as `<button type="button">` or `<a>` might be more appropriate
https://svelte.dev/e/a11y_click_events_have_key_events
74: <svg onclick={handleClick}>
75:   {#each circles as circle}
76:     <circle
          ^
77:       cx={circle.cx}
78:       cy={circle.cy}
10:32:51 PM [vite-plugin-svelte] src/routes/examples/7guis/7guis-circles/+page.svelte:76:2 `<circle>` with a click or contextmenu handler must have an ARIA role
https://svelte.dev/e/a11y_no_static_element_interactions
74: <svg onclick={handleClick}>
75:   {#each circles as circle}
76:     <circle
          ^
77:       cx={circle.cx}
78:       cy={circle.cy}
10:32:51 PM [vite-plugin-svelte] src/routes/examples/7guis/7guis-flight-booker/+page.svelte:11:18 This reference only captures the initial value of `start`. Did you mean to reference it inside a closure instead?
https://svelte.dev/e/state_referenced_locally
 9: 
10:   let start = $state(startValue);
11:   let end = $state(start);
                            ^
12:   let isReturn = $state(false);
13: 
10:32:51 PM [vite-plugin-svelte] src/routes/examples/animations/animate/+page.svelte:31:18 This reference only captures the initial value of `todos`. Did you mean to reference it inside a derived instead?
https://svelte.dev/e/state_referenced_locally
29:   ]);
30: 
31:   let uid = $state(todos.length + 1);
                            ^
32: 
33:   function add(input: HTMLInputElement) {
10:32:51 PM [vite-plugin-svelte] src/routes/examples/easing/easing/+page.svelte:20:27 This reference only captures the initial value of `current`. Did you mean to reference it inside a closure instead?
https://svelte.dev/e/state_referenced_locally
18:   });
19: 
20:   const ease_path = tweened(current()?.shape || '', { interpolate });
                                       ^
21:   const time = tweened(0);
22:   const value = tweened(1000);
10:32:51 PM [vite-plugin-svelte] src/routes/examples/motion/spring/+page.svelte:27:0 Non-interactive element `<svg>` should not be assigned mouse or keyboard event listeners
https://svelte.dev/e/a11y_no_noninteractive_element_interactions
25: </div>
26: 
27: <svg
        ^
28:   role="img"
29:   onmousemove={(e: MouseEvent) => coords.set({ x: e.clientX, y: e.clientY })}

/svelte-logo-mask.svg referenced in /svelte-logo-mask.svg didn't resolve at build time, it will remain unchanged to be resolved at runtime

/tutorial/icons/map-marker.svg referenced in /tutorial/icons/map-marker.svg didn't resolve at build time, it will remain unchanged to be resolved at runtime

/tutorial/icons/email.svg referenced in /tutorial/icons/email.svg didn't resolve at build time, it will remain unchanged to be resolved at runtime

/tutorial/icons/folder.svg referenced in /tutorial/icons/folder.svg didn't resolve at build time, it will remain unchanged to be resolved at runtime

/tutorial/icons/folder-open.svg referenced in /tutorial/icons/folder-open.svg didn't resolve at build time, it will remain unchanged to be resolved at runtime
✓ 3659 modules transformed.
rendering chunks...
computing gzip size...
.svelte-kit/output/client/_app/version.json                           0.03 kB │ gzip:   0.05 kB
.svelte-kit/output/client/.vite/manifest.json                        71.62 kB │ gzip:   6.29 kB
.svelte-kit/output/client/_app/immutable/assets/22.C594CWiC.css       0.03 kB │ gzip:   0.05 kB
.svelte-kit/output/client/_app/immutable/assets/45.CoxKtSRx.css       0.03 kB │ gzip:   0.05 kB
.svelte-kit/output/client/_app/immutable/assets/63.B8KYV77I.css       0.04 kB │ gzip:   0.06 kB
.svelte-kit/output/client/_app/immutable/assets/65.BV4M3ATz.css       0.04 kB │ gzip:   0.06 kB
.svelte-kit/output/client/_app/immutable/assets/55.DTVVjSkj.css       0.04 kB │ gzip:   0.06 kB
.svelte-kit/output/client/_app/immutable/assets/75.ClmdTHUV.css       0.05 kB │ gzip:   0.07 kB
.svelte-kit/output/client/_app/immutable/assets/43.C769zjzl.css       0.05 kB │ gzip:   0.07 kB
.svelte-kit/output/client/_app/immutable/assets/91.seOTqKyQ.css       0.05 kB │ gzip:   0.07 kB
.svelte-kit/output/client/_app/immutable/assets/41.Dwexyb5L.css       0.06 kB │ gzip:   0.08 kB
.svelte-kit/output/client/_app/immutable/assets/34.DuSfMLjg.css       0.07 kB │ gzip:   0.07 kB
.svelte-kit/output/client/_app/immutable/assets/71.CnwJo-5G.css       0.08 kB │ gzip:   0.09 kB
.svelte-kit/output/client/_app/immutable/assets/12.BgGG6MaE.css       0.08 kB │ gzip:   0.09 kB
.svelte-kit/output/client/_app/immutable/assets/70.FzdWioAP.css       0.08 kB │ gzip:   0.09 kB
.svelte-kit/output/client/_app/immutable/assets/90.DpU8l0JL.css       0.09 kB │ gzip:   0.09 kB
.svelte-kit/output/client/_app/immutable/assets/46.CZe3oykq.css       0.10 kB │ gzip:   0.10 kB
.svelte-kit/output/client/_app/immutable/assets/84.DNo6DXZC.css       0.10 kB │ gzip:   0.08 kB
.svelte-kit/output/client/_app/immutable/assets/21.B0wL51ib.css       0.11 kB │ gzip:   0.10 kB
.svelte-kit/output/client/_app/immutable/assets/51.D2Qa_cGD.css       0.13 kB │ gzip:   0.13 kB
.svelte-kit/output/client/_app/immutable/assets/53.BpR6j3_a.css       0.13 kB │ gzip:   0.13 kB
.svelte-kit/output/client/_app/immutable/assets/82.UtW9Fz3a.css       0.14 kB │ gzip:   0.14 kB
.svelte-kit/output/client/_app/immutable/assets/10.BUSrXtlT.css       0.15 kB │ gzip:   0.11 kB
.svelte-kit/output/client/_app/immutable/assets/74.Bt_PP-A3.css       0.16 kB │ gzip:   0.13 kB
.svelte-kit/output/client/_app/immutable/assets/48.A_Ts3Eys.css       0.16 kB │ gzip:   0.15 kB
.svelte-kit/output/client/_app/immutable/assets/52.DD3EazFq.css       0.17 kB │ gzip:   0.13 kB
.svelte-kit/output/client/_app/immutable/assets/125.BOY2WyLL.css      0.18 kB │ gzip:   0.12 kB
.svelte-kit/output/client/_app/immutable/assets/31.DtDluWy9.css       0.18 kB │ gzip:   0.13 kB
.svelte-kit/output/client/_app/immutable/assets/11.B8wYVImL.css       0.19 kB │ gzip:   0.16 kB
.svelte-kit/output/client/_app/immutable/assets/88.DtPeqC__.css       0.19 kB │ gzip:   0.13 kB
.svelte-kit/output/client/_app/immutable/assets/20.DuF4ugZA.css       0.20 kB │ gzip:   0.15 kB
.svelte-kit/output/client/_app/immutable/assets/105.DquQ_xx-.css      0.23 kB │ gzip:   0.17 kB
.svelte-kit/output/client/_app/immutable/assets/26.Cl3T1m3H.css       0.23 kB │ gzip:   0.17 kB
.svelte-kit/output/client/_app/immutable/assets/33.e1aQ93Ng.css       0.30 kB │ gzip:   0.17 kB
.svelte-kit/output/client/_app/immutable/assets/14.B6WAkUd1.css       0.31 kB │ gzip:   0.19 kB
.svelte-kit/output/client/_app/immutable/assets/25.CjFfvUHr.css       0.31 kB │ gzip:   0.21 kB
.svelte-kit/output/client/_app/immutable/assets/62.2K1rsDs3.css       0.33 kB │ gzip:   0.21 kB
.svelte-kit/output/client/_app/immutable/assets/109.CCZjdm6m.css      0.37 kB │ gzip:   0.23 kB
.svelte-kit/output/client/_app/immutable/assets/120.DnRCpCDW.css      0.38 kB │ gzip:   0.17 kB
.svelte-kit/output/client/_app/immutable/assets/122.BCsD149B.css      0.39 kB │ gzip:   0.24 kB
.svelte-kit/output/client/_app/immutable/assets/13.DySWKagZ.css       0.39 kB │ gzip:   0.23 kB
.svelte-kit/output/client/_app/immutable/assets/18.DdxILqMX.css       0.39 kB │ gzip:   0.23 kB
.svelte-kit/output/client/_app/immutable/assets/86.DhcDocDX.css       0.49 kB │ gzip:   0.25 kB
.svelte-kit/output/client/_app/immutable/assets/121.BvraYtZ-.css      0.50 kB │ gzip:   0.27 kB
.svelte-kit/output/client/_app/immutable/assets/49.Ds6-BjLa.css       0.54 kB │ gzip:   0.28 kB
.svelte-kit/output/client/_app/immutable/assets/50.BFmRZ25O.css       0.54 kB │ gzip:   0.28 kB
.svelte-kit/output/client/_app/immutable/assets/38.CBtW94s-.css       0.65 kB │ gzip:   0.32 kB
.svelte-kit/output/client/_app/immutable/assets/119.CL914zOr.css      0.66 kB │ gzip:   0.29 kB
.svelte-kit/output/client/_app/immutable/assets/118.DzdWBPc2.css      0.73 kB │ gzip:   0.31 kB
.svelte-kit/output/client/_app/immutable/assets/85.DRAURKp2.css       0.83 kB │ gzip:   0.37 kB
.svelte-kit/output/client/_app/immutable/assets/110.DVrKKmUp.css      0.84 kB │ gzip:   0.40 kB
.svelte-kit/output/client/_app/immutable/assets/29.Bg1IO5YR.css       0.87 kB │ gzip:   0.38 kB
.svelte-kit/output/client/_app/immutable/assets/15.Bxxfo4u9.css       0.88 kB │ gzip:   0.36 kB
.svelte-kit/output/client/_app/immutable/assets/127.D3sdYyKv.css      1.25 kB │ gzip:   0.51 kB
.svelte-kit/output/client/_app/immutable/assets/16.C21BFGxQ.css       1.78 kB │ gzip:   0.58 kB
.svelte-kit/output/client/_app/immutable/assets/59.Cw2-Y1f2.css       1.84 kB │ gzip:   0.66 kB
.svelte-kit/output/client/_app/immutable/assets/131.Cja2yqqv.css      3.85 kB │ gzip:   1.11 kB
.svelte-kit/output/client/_app/immutable/assets/0.BYIrS8zs.css       42.09 kB │ gzip:   8.26 kB
.svelte-kit/output/client/_app/immutable/chunks/N4ZlwfE0.js           0.04 kB │ gzip:   0.06 kB
.svelte-kit/output/client/_app/immutable/chunks/MsmG5vP0.js           0.06 kB │ gzip:   0.08 kB
.svelte-kit/output/client/_app/immutable/entry/start.FCcXlGWy.js      0.08 kB │ gzip:   0.09 kB
.svelte-kit/output/client/_app/immutable/chunks/vK_o3JBb.js           0.09 kB │ gzip:   0.11 kB
.svelte-kit/output/client/_app/immutable/chunks/CqkleIqs.js           0.12 kB │ gzip:   0.13 kB
.svelte-kit/output/client/_app/immutable/chunks/Cq3qrmVE.js           0.16 kB │ gzip:   0.15 kB
.svelte-kit/output/client/_app/immutable/chunks/C5OEpcyU.js           0.26 kB │ gzip:   0.21 kB
.svelte-kit/output/client/_app/immutable/chunks/C2I5R2cr.js           0.30 kB │ gzip:   0.22 kB
.svelte-kit/output/client/_app/immutable/chunks/RVeilqlp.js           0.31 kB │ gzip:   0.25 kB
.svelte-kit/output/client/_app/immutable/chunks/q-HUNj2J.js           0.34 kB │ gzip:   0.19 kB
.svelte-kit/output/client/_app/immutable/chunks/BGGTUj09.js           0.36 kB │ gzip:   0.25 kB
.svelte-kit/output/client/_app/immutable/nodes/71.CFt-srYp.js         0.39 kB │ gzip:   0.29 kB
.svelte-kit/output/client/_app/immutable/chunks/CPz-2PI7.js           0.40 kB │ gzip:   0.28 kB
.svelte-kit/output/client/_app/immutable/chunks/D5s93wyy.js           0.40 kB │ gzip:   0.27 kB
.svelte-kit/output/client/_app/immutable/chunks/DkeJhVFQ.js           0.43 kB │ gzip:   0.31 kB
.svelte-kit/output/client/_app/immutable/nodes/6.DA3uT3S0.js          0.45 kB │ gzip:   0.32 kB
.svelte-kit/output/client/_app/immutable/chunks/CgQ1ItjT.js           0.47 kB │ gzip:   0.31 kB
.svelte-kit/output/client/_app/immutable/nodes/67.DA41Wcfg.js         0.48 kB │ gzip:   0.34 kB
.svelte-kit/output/client/_app/immutable/nodes/69.Vll_UmYg.js         0.49 kB │ gzip:   0.34 kB
.svelte-kit/output/client/_app/immutable/nodes/108.DzM5YFee.js        0.49 kB │ gzip:   0.36 kB
.svelte-kit/output/client/_app/immutable/chunks/CDWdQYqz.js           0.52 kB │ gzip:   0.33 kB
.svelte-kit/output/client/_app/immutable/chunks/CodVMFyc.js           0.56 kB │ gzip:   0.39 kB
.svelte-kit/output/client/_app/immutable/nodes/98.CVXZBSr-.js         0.58 kB │ gzip:   0.41 kB
.svelte-kit/output/client/_app/immutable/chunks/UeAeRPK0.js           0.59 kB │ gzip:   0.35 kB
.svelte-kit/output/client/_app/immutable/nodes/100.DvgVaSvi.js        0.59 kB │ gzip:   0.41 kB
.svelte-kit/output/client/_app/immutable/chunks/DFwlcOn8.js           0.59 kB │ gzip:   0.41 kB
.svelte-kit/output/client/_app/immutable/chunks/BdcEo2DV.js           0.59 kB │ gzip:   0.34 kB
.svelte-kit/output/client/_app/immutable/nodes/63.NTvkXjwt.js         0.61 kB │ gzip:   0.43 kB
.svelte-kit/output/client/_app/immutable/nodes/93.D-Pu1MME.js         0.63 kB │ gzip:   0.38 kB
.svelte-kit/output/client/_app/immutable/nodes/19.CIb3v4rT.js         0.64 kB │ gzip:   0.42 kB
.svelte-kit/output/client/_app/immutable/nodes/73.CWS-naTk.js         0.64 kB │ gzip:   0.43 kB
.svelte-kit/output/client/_app/immutable/nodes/65.ry600551.js         0.64 kB │ gzip:   0.45 kB
.svelte-kit/output/client/_app/immutable/nodes/106.Ce93Owkb.js        0.65 kB │ gzip:   0.45 kB
.svelte-kit/output/client/_app/immutable/nodes/94.XDuiM-bt.js         0.65 kB │ gzip:   0.39 kB
.svelte-kit/output/client/_app/immutable/nodes/42.B4IVonqB.js         0.65 kB │ gzip:   0.44 kB
.svelte-kit/output/client/_app/immutable/nodes/103.Cq1SXx3m.js        0.65 kB │ gzip:   0.45 kB
.svelte-kit/output/client/_app/immutable/nodes/102.D2WVRZ8e.js        0.66 kB │ gzip:   0.46 kB
.svelte-kit/output/client/_app/immutable/nodes/105.DyIy-008.js        0.68 kB │ gzip:   0.46 kB
.svelte-kit/output/client/_app/immutable/chunks/Bhnx4zVT.js           0.69 kB │ gzip:   0.42 kB
.svelte-kit/output/client/_app/immutable/chunks/B6fdYHAA.js           0.70 kB │ gzip:   0.41 kB
.svelte-kit/output/client/_app/immutable/nodes/61.D62r0x_f.js         0.70 kB │ gzip:   0.41 kB
.svelte-kit/output/client/_app/immutable/nodes/11.uca-OhWc.js         0.70 kB │ gzip:   0.47 kB
.svelte-kit/output/client/_app/immutable/nodes/70.BEIZOXlI.js         0.72 kB │ gzip:   0.41 kB
.svelte-kit/output/client/_app/immutable/nodes/79.CC6-tq2B.js         0.73 kB │ gzip:   0.45 kB
.svelte-kit/output/client/_app/immutable/nodes/62.DiH4_9Bq.js         0.74 kB │ gzip:   0.44 kB
.svelte-kit/output/client/_app/immutable/nodes/7.CMm-mkit.js          0.76 kB │ gzip:   0.46 kB
.svelte-kit/output/client/_app/immutable/nodes/115.W3E2WoQq.js        0.76 kB │ gzip:   0.49 kB
.svelte-kit/output/client/_app/immutable/nodes/1.CPPoIZj2.js          0.76 kB │ gzip:   0.50 kB
.svelte-kit/output/client/_app/immutable/chunks/Bt5FcgU7.js           0.78 kB │ gzip:   0.50 kB
.svelte-kit/output/client/_app/immutable/nodes/12.DoBdLqre.js         0.78 kB │ gzip:   0.44 kB
.svelte-kit/output/client/_app/immutable/nodes/99.DpR7smpF.js         0.80 kB │ gzip:   0.51 kB
.svelte-kit/output/client/_app/immutable/nodes/68.DoiZXq8W.js         0.80 kB │ gzip:   0.52 kB
.svelte-kit/output/client/_app/immutable/nodes/101.DV5UD9gc.js        0.80 kB │ gzip:   0.51 kB
.svelte-kit/output/client/_app/immutable/nodes/80.BE2XDkiG.js         0.81 kB │ gzip:   0.48 kB
.svelte-kit/output/client/_app/immutable/nodes/45.OfBvP1ot.js         0.81 kB │ gzip:   0.52 kB
.svelte-kit/output/client/_app/immutable/chunks/jU64Tuhu.js           0.81 kB │ gzip:   0.51 kB
.svelte-kit/output/client/_app/immutable/nodes/81.C6M2MyRP.js         0.81 kB │ gzip:   0.48 kB
.svelte-kit/output/client/_app/immutable/nodes/9.B9RoLZPn.js          0.84 kB │ gzip:   0.54 kB
.svelte-kit/output/client/_app/immutable/nodes/53.DHFfPNMD.js         0.84 kB │ gzip:   0.51 kB
.svelte-kit/output/client/_app/immutable/nodes/22.DF9I2AI_.js         0.85 kB │ gzip:   0.52 kB
.svelte-kit/output/client/_app/immutable/nodes/95.4aIqMwty.js         0.85 kB │ gzip:   0.48 kB
.svelte-kit/output/client/_app/immutable/chunks/D8rjXuvS.js           0.85 kB │ gzip:   0.56 kB
.svelte-kit/output/client/_app/immutable/chunks/9sgnVBup.js           0.86 kB │ gzip:   0.55 kB
.svelte-kit/output/client/_app/immutable/nodes/129.Bdr-spOf.js        0.88 kB │ gzip:   0.53 kB
.svelte-kit/output/client/_app/immutable/chunks/kQmXrjI6.js           0.91 kB │ gzip:   0.53 kB
.svelte-kit/output/client/_app/immutable/nodes/124.D58h7BAs.js        0.93 kB │ gzip:   0.57 kB
.svelte-kit/output/client/_app/immutable/nodes/128.eHqhGiHP.js        0.93 kB │ gzip:   0.57 kB
.svelte-kit/output/client/_app/immutable/nodes/64.CL8DGAMp.js         0.93 kB │ gzip:   0.46 kB
.svelte-kit/output/client/_app/immutable/nodes/46.EnAn0ig3.js         0.95 kB │ gzip:   0.52 kB
.svelte-kit/output/client/_app/immutable/nodes/114.CqPnZVAV.js        0.96 kB │ gzip:   0.60 kB
.svelte-kit/output/client/_app/immutable/nodes/57.Cmf455sE.js         0.97 kB │ gzip:   0.54 kB
.svelte-kit/output/client/_app/immutable/chunks/DaPMcAh9.js           0.99 kB │ gzip:   0.60 kB
.svelte-kit/output/client/_app/immutable/nodes/75.BlxzMPR6.js         0.99 kB │ gzip:   0.62 kB
.svelte-kit/output/client/_app/immutable/nodes/78.8QeMcgpB.js         1.00 kB │ gzip:   0.66 kB
.svelte-kit/output/client/_app/immutable/nodes/109.DyRlAhcU.js        1.01 kB │ gzip:   0.63 kB
.svelte-kit/output/client/_app/immutable/nodes/107.DXfbdF4D.js        1.01 kB │ gzip:   0.61 kB
.svelte-kit/output/client/_app/immutable/nodes/40.CILtcM7-.js         1.01 kB │ gzip:   0.55 kB
.svelte-kit/output/client/_app/immutable/nodes/25.B4PCnHlN.js         1.02 kB │ gzip:   0.63 kB
.svelte-kit/output/client/_app/immutable/nodes/10.x_bW94oS.js         1.03 kB │ gzip:   0.62 kB
.svelte-kit/output/client/_app/immutable/nodes/113.J9nWNwTU.js        1.04 kB │ gzip:   0.57 kB
.svelte-kit/output/client/_app/immutable/nodes/31.DB3fvWkS.js         1.05 kB │ gzip:   0.63 kB
.svelte-kit/output/client/_app/immutable/chunks/Bs5rlVi6.js           1.06 kB │ gzip:   0.58 kB
.svelte-kit/output/client/_app/immutable/nodes/32.BVVybB9F.js         1.09 kB │ gzip:   0.67 kB
.svelte-kit/output/client/_app/immutable/nodes/77.DxCJnYkv.js         1.09 kB │ gzip:   0.66 kB
.svelte-kit/output/client/_app/immutable/nodes/74.D2cWhjks.js         1.09 kB │ gzip:   0.67 kB
.svelte-kit/output/client/_app/immutable/nodes/34.gavVH2Yj.js         1.10 kB │ gzip:   0.63 kB
.svelte-kit/output/client/_app/immutable/nodes/96.DZZJFvX1.js         1.12 kB │ gzip:   0.64 kB
.svelte-kit/output/client/_app/immutable/nodes/58.DtXGfnjo.js         1.15 kB │ gzip:   0.69 kB
.svelte-kit/output/client/_app/immutable/nodes/23.DCKzevjI.js         1.15 kB │ gzip:   0.70 kB
.svelte-kit/output/client/_app/immutable/nodes/56.DEu8mevC.js         1.15 kB │ gzip:   0.69 kB
.svelte-kit/output/client/_app/immutable/nodes/28.BR3YCfnf.js         1.16 kB │ gzip:   0.69 kB
.svelte-kit/output/client/_app/immutable/nodes/54.BDJF0sbV.js         1.17 kB │ gzip:   0.69 kB
.svelte-kit/output/client/_app/immutable/nodes/91.DQYQf0mw.js         1.18 kB │ gzip:   0.59 kB
.svelte-kit/output/client/_app/immutable/chunks/DkOiW0w6.js           1.19 kB │ gzip:   0.68 kB
.svelte-kit/output/client/_app/immutable/nodes/87.DcIX4zvu.js         1.20 kB │ gzip:   0.71 kB
.svelte-kit/output/client/_app/immutable/nodes/51.BMlgZbji.js         1.21 kB │ gzip:   0.67 kB
.svelte-kit/output/client/_app/immutable/nodes/130.CUlPA2w8.js        1.21 kB │ gzip:   0.69 kB
.svelte-kit/output/client/_app/immutable/nodes/126.BehKQvs6.js        1.22 kB │ gzip:   0.76 kB
.svelte-kit/output/client/_app/immutable/nodes/89.DZubFxEz.js         1.23 kB │ gzip:   0.71 kB
.svelte-kit/output/client/_app/immutable/nodes/44.aGDmpRCB.js         1.26 kB │ gzip:   0.72 kB
.svelte-kit/output/client/_app/immutable/chunks/sqhATw6_.js           1.28 kB │ gzip:   0.71 kB
.svelte-kit/output/client/_app/immutable/chunks/YKEzJfgz.js           1.28 kB │ gzip:   0.76 kB
.svelte-kit/output/client/_app/immutable/nodes/125.B34jIkxg.js        1.29 kB │ gzip:   0.74 kB
.svelte-kit/output/client/_app/immutable/nodes/72.BnBlo2ta.js         1.32 kB │ gzip:   0.73 kB
.svelte-kit/output/client/_app/immutable/nodes/14.B8XT4Qdt.js         1.34 kB │ gzip:   0.73 kB
.svelte-kit/output/client/_app/immutable/nodes/24.S4EzS3sA.js         1.41 kB │ gzip:   0.75 kB
.svelte-kit/output/client/_app/immutable/nodes/83.3Ue_9inH.js         1.43 kB │ gzip:   0.76 kB
.svelte-kit/output/client/_app/immutable/nodes/36.Dc29Y4IG.js         1.44 kB │ gzip:   0.80 kB
.svelte-kit/output/client/_app/immutable/nodes/92.0ttuUofn.js         1.45 kB │ gzip:   0.75 kB
.svelte-kit/output/client/_app/immutable/nodes/27.CXKFuP7d.js         1.47 kB │ gzip:   0.82 kB
.svelte-kit/output/client/_app/immutable/nodes/117.DM_hUNf1.js        1.50 kB │ gzip:   0.77 kB
.svelte-kit/output/client/_app/immutable/nodes/13.CqS9wxOX.js         1.56 kB │ gzip:   0.84 kB
.svelte-kit/output/client/_app/immutable/nodes/41.C5uVW6-f.js         1.59 kB │ gzip:   0.95 kB
.svelte-kit/output/client/_app/immutable/nodes/111.DvqdJDOq.js        1.59 kB │ gzip:   0.78 kB
.svelte-kit/output/client/_app/immutable/nodes/66.BezdiY7T.js         1.60 kB │ gzip:   0.79 kB
.svelte-kit/output/client/_app/immutable/nodes/60.C3FJFOYS.js         1.60 kB │ gzip:   0.78 kB
.svelte-kit/output/client/_app/immutable/nodes/35.C-G0R43L.js         1.60 kB │ gzip:   0.89 kB
.svelte-kit/output/client/_app/immutable/nodes/110.UH4IKii_.js        1.63 kB │ gzip:   0.94 kB
.svelte-kit/output/client/_app/immutable/nodes/76.DksfR6ID.js         1.64 kB │ gzip:   0.77 kB
.svelte-kit/output/client/_app/immutable/nodes/21.CFxum7TH.js         1.66 kB │ gzip:   0.90 kB
.svelte-kit/output/client/_app/immutable/nodes/17.C3f971Kl.js         1.67 kB │ gzip:   0.78 kB
.svelte-kit/output/client/_app/immutable/chunks/MSPxrDcO.js           1.68 kB │ gzip:   0.88 kB
.svelte-kit/output/client/_app/immutable/nodes/90.Dvxnq3IT.js         1.69 kB │ gzip:   0.90 kB
.svelte-kit/output/client/_app/immutable/nodes/48.Cgd4uMe3.js         1.71 kB │ gzip:   0.75 kB
.svelte-kit/output/client/_app/immutable/nodes/97.DIBZ4lkr.js         1.74 kB │ gzip:   0.78 kB
.svelte-kit/output/client/_app/immutable/nodes/116.ieMhfHB1.js        1.75 kB │ gzip:   0.74 kB
.svelte-kit/output/client/_app/immutable/nodes/120.CKfxbGLQ.js        1.75 kB │ gzip:   0.86 kB
.svelte-kit/output/client/_app/immutable/nodes/47.DKSmRJbF.js         1.76 kB │ gzip:   0.80 kB
.svelte-kit/output/client/_app/immutable/nodes/82.CvcZ81GI.js         1.76 kB │ gzip:   0.90 kB
.svelte-kit/output/client/_app/immutable/nodes/104.B-cNKlYT.js        1.77 kB │ gzip:   0.80 kB
.svelte-kit/output/client/_app/immutable/nodes/112.BEsypjgd.js        1.77 kB │ gzip:   0.72 kB
.svelte-kit/output/client/_app/immutable/nodes/84.DPJ9C8h1.js         1.78 kB │ gzip:   0.79 kB
.svelte-kit/output/client/_app/immutable/chunks/CXewtdg2.js           1.84 kB │ gzip:   0.92 kB
.svelte-kit/output/client/_app/immutable/chunks/CoKouU1Y.js           1.87 kB │ gzip:   0.77 kB
.svelte-kit/output/client/_app/immutable/nodes/26.CDzuI4Eo.js         1.90 kB │ gzip:   0.90 kB
.svelte-kit/output/client/_app/immutable/nodes/123.31HAIyqy.js        1.93 kB │ gzip:   0.83 kB
.svelte-kit/output/client/_app/immutable/nodes/50.f9kc6RSX.js         2.06 kB │ gzip:   0.90 kB
.svelte-kit/output/client/_app/immutable/nodes/37.B3Nmwe6Q.js         2.16 kB │ gzip:   1.14 kB
.svelte-kit/output/client/_app/immutable/nodes/39.CqZHOpf3.js         2.18 kB │ gzip:   1.14 kB
.svelte-kit/output/client/_app/immutable/chunks/BwCZ8OEH.js           2.24 kB │ gzip:   1.04 kB
.svelte-kit/output/client/_app/immutable/chunks/BB9JNsfy.js           2.24 kB │ gzip:   1.12 kB
.svelte-kit/output/client/_app/immutable/chunks/Vg2hwpHt.js           2.29 kB │ gzip:   0.90 kB
.svelte-kit/output/client/_app/immutable/nodes/18.BFXtvoTa.js         2.31 kB │ gzip:   1.23 kB
.svelte-kit/output/client/_app/immutable/nodes/49.kEBGGeIS.js         2.43 kB │ gzip:   1.27 kB
.svelte-kit/output/client/_app/immutable/nodes/30.B5n7rYNT.js         2.44 kB │ gzip:   0.92 kB
.svelte-kit/output/client/_app/immutable/nodes/15.C1fWz_3R.js         2.45 kB │ gzip:   1.07 kB
.svelte-kit/output/client/_app/immutable/nodes/16.DGhoutdF.js         2.47 kB │ gzip:   1.09 kB
.svelte-kit/output/client/_app/immutable/nodes/38.b6pjh6ys.js         2.54 kB │ gzip:   1.37 kB
.svelte-kit/output/client/_app/immutable/nodes/20.DYXzYXUu.js         2.55 kB │ gzip:   1.21 kB
.svelte-kit/output/client/_app/immutable/nodes/55.JUlnJFOI.js         2.55 kB │ gzip:   1.21 kB
.svelte-kit/output/client/_app/immutable/nodes/52.GrRPYhuG.js         2.59 kB │ gzip:   0.94 kB
.svelte-kit/output/client/_app/immutable/nodes/88.Bqi0rDi6.js         2.61 kB │ gzip:   1.27 kB
.svelte-kit/output/client/_app/immutable/nodes/86.DpWzzpPv.js         2.65 kB │ gzip:   1.20 kB
.svelte-kit/output/client/_app/immutable/nodes/119.C-6mAyV2.js        2.66 kB │ gzip:   1.27 kB
.svelte-kit/output/client/_app/immutable/nodes/0.kwp26tO4.js          2.69 kB │ gzip:   1.17 kB
.svelte-kit/output/client/_app/immutable/nodes/33.DP3Lfj8V.js         2.98 kB │ gzip:   1.10 kB
.svelte-kit/output/client/_app/immutable/chunks/BrnMeIhf.js           3.11 kB │ gzip:   1.38 kB
.svelte-kit/output/client/_app/immutable/nodes/122.BRlkvVdp.js        3.25 kB │ gzip:   1.62 kB
.svelte-kit/output/client/_app/immutable/chunks/SFduP7DA.js           3.32 kB │ gzip:   1.66 kB
.svelte-kit/output/client/_app/immutable/nodes/121.CtQwjup1.js        3.74 kB │ gzip:   1.60 kB
.svelte-kit/output/client/_app/immutable/nodes/8.DiLzDoj0.js          3.81 kB │ gzip:   1.57 kB
.svelte-kit/output/client/_app/immutable/nodes/118.Cclju8ZX.js        3.82 kB │ gzip:   1.64 kB
.svelte-kit/output/client/_app/immutable/nodes/29.BWPBEcdP.js         3.86 kB │ gzip:   1.68 kB
.svelte-kit/output/client/_app/immutable/chunks/O9YYbB1t.js           3.88 kB │ gzip:   1.95 kB
.svelte-kit/output/client/_app/immutable/nodes/127.B2B8G4Mv.js        3.92 kB │ gzip:   1.88 kB
.svelte-kit/output/client/_app/immutable/chunks/C4yQGX52.js           4.17 kB │ gzip:   2.03 kB
.svelte-kit/output/client/_app/immutable/nodes/85.C7iCUMeI.js         4.86 kB │ gzip:   2.03 kB
.svelte-kit/output/client/_app/immutable/nodes/59.BPRv63t9.js         7.13 kB │ gzip:   2.87 kB
.svelte-kit/output/client/_app/immutable/nodes/4.DnGc1vuK.js          7.48 kB │ gzip:   3.20 kB
.svelte-kit/output/client/_app/immutable/chunks/V-XFYO-x.js          17.96 kB │ gzip:   7.40 kB
.svelte-kit/output/client/_app/immutable/nodes/3.NLFEchZC.js         18.81 kB │ gzip:   6.06 kB
.svelte-kit/output/client/_app/immutable/chunks/C69D-D57.js          21.78 kB │ gzip:   8.15 kB
.svelte-kit/output/client/_app/immutable/chunks/luk-5X-p.js          25.33 kB │ gzip:   8.04 kB
.svelte-kit/output/client/_app/immutable/entry/app.ClpENbsR.js       31.31 kB │ gzip:   8.23 kB
.svelte-kit/output/client/_app/immutable/nodes/2.Dd-9L3KE.js         39.48 kB │ gzip:  12.43 kB
.svelte-kit/output/client/_app/immutable/nodes/43.m42rvp-x.js        39.54 kB │ gzip:  12.31 kB
.svelte-kit/output/client/_app/immutable/chunks/CsbvxOZB.js          42.53 kB │ gzip:  16.45 kB
.svelte-kit/output/client/_app/immutable/chunks/B_hg3tzA.js          46.85 kB │ gzip:  17.60 kB
.svelte-kit/output/client/_app/immutable/nodes/131.B8_PBOsr.js       71.32 kB │ gzip:  23.67 kB
.svelte-kit/output/client/_app/immutable/chunks/BQ2JVJeK.js         180.60 kB │ gzip:  48.78 kB
.svelte-kit/output/client/_app/immutable/chunks/mWBkw08m.js         212.46 kB │ gzip:  68.42 kB
.svelte-kit/output/client/_app/immutable/chunks/BLDOXvIm.js       1,625.78 kB │ gzip: 450.40 kB

(!) Some chunks are larger than 500 kB after minification. Consider:
- Using dynamic import() to code-split the application
- Use build.rollupOptions.output.manualChunks to improve chunking: https://rollupjs.org/configuration-options/#output-manualchunks
- Adjust chunk size limit for this warning via build.chunkSizeWarningLimit.
✓ built in 14.70s
.svelte-kit/output/server/.vite/manifest.json                                                                   66.74 kB
.svelte-kit/output/server/_app/immutable/assets/_page.C594CWiC.css                                               0.03 kB
.svelte-kit/output/server/_app/immutable/assets/_page.CoxKtSRx.css                                               0.03 kB
.svelte-kit/output/server/_app/immutable/assets/_page.DTVVjSkj.css                                               0.04 kB
.svelte-kit/output/server/_app/immutable/assets/_page.B8KYV77I.css                                               0.04 kB
.svelte-kit/output/server/_app/immutable/assets/_page.BV4M3ATz.css                                               0.04 kB
.svelte-kit/output/server/_app/immutable/assets/_page.C769zjzl.css                                               0.05 kB
.svelte-kit/output/server/_app/immutable/assets/_page.ClmdTHUV.css                                               0.05 kB
.svelte-kit/output/server/_app/immutable/assets/_page.seOTqKyQ.css                                               0.05 kB
.svelte-kit/output/server/_app/immutable/assets/_page.Dwexyb5L.css                                               0.06 kB
.svelte-kit/output/server/_app/immutable/assets/_page.DuSfMLjg.css                                               0.07 kB
.svelte-kit/output/server/_app/immutable/assets/_page.CnwJo-5G.css                                               0.08 kB
.svelte-kit/output/server/_app/immutable/assets/_page.BgGG6MaE.css                                               0.08 kB
.svelte-kit/output/server/_app/immutable/assets/_page.FzdWioAP.css                                               0.08 kB
.svelte-kit/output/server/_app/immutable/assets/_page.DpU8l0JL.css                                               0.09 kB
.svelte-kit/output/server/_app/immutable/assets/_page.CZe3oykq.css                                               0.10 kB
.svelte-kit/output/server/_app/immutable/assets/_page.DNo6DXZC.css                                               0.10 kB
.svelte-kit/output/server/_app/immutable/assets/_page.B0wL51ib.css                                               0.11 kB
.svelte-kit/output/server/_app/immutable/assets/_page.D2Qa_cGD.css                                               0.13 kB
.svelte-kit/output/server/_app/immutable/assets/_page.BpR6j3_a.css                                               0.13 kB
.svelte-kit/output/server/_app/immutable/assets/_page.UtW9Fz3a.css                                               0.14 kB
.svelte-kit/output/server/_app/immutable/assets/_page.BUSrXtlT.css                                               0.15 kB
.svelte-kit/output/server/_app/immutable/assets/_page.Bt_PP-A3.css                                               0.16 kB
.svelte-kit/output/server/_app/immutable/assets/_page.A_Ts3Eys.css                                               0.16 kB
.svelte-kit/output/server/_app/immutable/assets/_page.DgdOA9-D.css                                               0.17 kB
.svelte-kit/output/server/_app/immutable/assets/_page.DD3EazFq.css                                               0.17 kB
.svelte-kit/output/server/_app/immutable/assets/_page.BOY2WyLL.css                                               0.18 kB
.svelte-kit/output/server/_app/immutable/assets/_page.DtDluWy9.css                                               0.18 kB
.svelte-kit/output/server/_app/immutable/assets/_page.B8wYVImL.css                                               0.19 kB
.svelte-kit/output/server/_app/immutable/assets/_page.DtPeqC__.css                                               0.19 kB
.svelte-kit/output/server/_app/immutable/assets/_page.DuF4ugZA.css                                               0.20 kB
.svelte-kit/output/server/_app/immutable/assets/_page.DquQ_xx-.css                                               0.23 kB
.svelte-kit/output/server/_app/immutable/assets/_page.Cl3T1m3H.css                                               0.23 kB
.svelte-kit/output/server/_app/immutable/assets/_page.e1aQ93Ng.css                                               0.30 kB
.svelte-kit/output/server/_app/immutable/assets/_page.B6WAkUd1.css                                               0.31 kB
.svelte-kit/output/server/_app/immutable/assets/_page.CjFfvUHr.css                                               0.31 kB
.svelte-kit/output/server/_app/immutable/assets/_page.2K1rsDs3.css                                               0.33 kB
.svelte-kit/output/server/_app/immutable/assets/_page.CCZjdm6m.css                                               0.37 kB
.svelte-kit/output/server/_app/immutable/assets/_page.DnRCpCDW.css                                               0.38 kB
.svelte-kit/output/server/_app/immutable/assets/_page.BCsD149B.css                                               0.39 kB
.svelte-kit/output/server/_app/immutable/assets/_page.DySWKagZ.css                                               0.39 kB
.svelte-kit/output/server/_app/immutable/assets/_page.DdxILqMX.css                                               0.39 kB
.svelte-kit/output/server/_app/immutable/assets/_page.DhcDocDX.css                                               0.49 kB
.svelte-kit/output/server/_app/immutable/assets/_page.BvraYtZ-.css                                               0.50 kB
.svelte-kit/output/server/_app/immutable/assets/_page.Ds6-BjLa.css                                               0.54 kB
.svelte-kit/output/server/_app/immutable/assets/_page.BFmRZ25O.css                                               0.54 kB
.svelte-kit/output/server/_app/immutable/assets/_page.CBtW94s-.css                                               0.65 kB
.svelte-kit/output/server/_app/immutable/assets/_page.CL914zOr.css                                               0.66 kB
.svelte-kit/output/server/_app/immutable/assets/_page.DzdWBPc2.css                                               0.73 kB
.svelte-kit/output/server/_app/immutable/assets/_page.BQVVwy1a.css                                               0.82 kB
.svelte-kit/output/server/_app/immutable/assets/_page.DVrKKmUp.css                                               0.84 kB
.svelte-kit/output/server/_app/immutable/assets/_page.Bxxfo4u9.css                                               0.88 kB
.svelte-kit/output/server/_app/immutable/assets/_page.D3sdYyKv.css                                               1.25 kB
.svelte-kit/output/server/_app/immutable/assets/_page.C21BFGxQ.css                                               1.78 kB
.svelte-kit/output/server/_app/immutable/assets/_page.Cw2-Y1f2.css                                               1.84 kB
.svelte-kit/output/server/_app/immutable/assets/_page.Cja2yqqv.css                                               3.85 kB
.svelte-kit/output/server/_app/immutable/assets/_layout.BYIrS8zs.css                                            42.09 kB
.svelte-kit/output/server/chunks/true.js                                                                         0.04 kB
.svelte-kit/output/server/chunks/app.js                                                                          0.09 kB
.svelte-kit/output/server/chunks/count.js                                                                        0.10 kB
.svelte-kit/output/server/entries/matchers/authType.js                                                           0.10 kB
.svelte-kit/output/server/chunks/_commonjsHelpers.js                                                             0.18 kB
.svelte-kit/output/server/chunks/html.js                                                                         0.20 kB
.svelte-kit/output/server/entries/pages/chat/_layout.ts.js                                                       0.24 kB
.svelte-kit/output/server/chunks/constants.js                                                                    0.26 kB
.svelte-kit/output/server/entries/pages/auth/signout/_page.server.ts.js                                          0.34 kB
.svelte-kit/output/server/chunks/shared-server.js                                                                0.35 kB
.svelte-kit/output/server/internal.js                                                                            0.38 kB
.svelte-kit/output/server/entries/endpoints/api/history/_server.ts.js                                            0.39 kB
.svelte-kit/output/server/chunks/index-server.js                                                                 0.43 kB
.svelte-kit/output/server/entries/endpoints/api/chat/visibility/_server.ts.js                                    0.44 kB
.svelte-kit/output/server/chunks/chat.js                                                                         0.57 kB
.svelte-kit/output/server/entries/endpoints/api/suggestions/_documentId_/_server.ts.js                           0.59 kB
.svelte-kit/output/server/chunks/environment.js                                                                  0.62 kB
.svelte-kit/output/server/entries/endpoints/api/vote/_chatId_/_server.ts.js                                      0.70 kB
.svelte-kit/output/server/entries/endpoints/api/files/_filename_/_server.ts.js                                   0.71 kB
.svelte-kit/output/server/entries/pages/chat/_chatId_/_page.server.ts.js                                         0.73 kB
.svelte-kit/output/server/chunks/models.js                                                                       0.74 kB
.svelte-kit/output/server/entries/pages/chat/_page.svelte.js                                                     0.75 kB
.svelte-kit/output/server/entries/pages/chat/_layout.server.ts.js                                                0.76 kB
.svelte-kit/output/server/chunks/custom-count.js                                                                 0.76 kB
.svelte-kit/output/server/entries/endpoints/api/ai/chat/_server.ts.js                                            0.77 kB
.svelte-kit/output/server/chunks/utils2.js                                                                       0.78 kB
.svelte-kit/output/server/entries/endpoints/api/vote/_chatId_/_messageId_/_server.ts.js                          0.79 kB
.svelte-kit/output/server/entries/pages/examples/introduction/styling/_page.svelte.js                            0.79 kB
.svelte-kit/output/server/entries/endpoints/api/synchronized-cookie/_cookieName_/_server.ts.js                   0.82 kB
.svelte-kit/output/server/entries/pages/examples/bindings/bind-this/_page.svelte.js                              0.84 kB
.svelte-kit/output/server/chunks/create-subscriber.js                                                            0.85 kB
.svelte-kit/output/server/entries/pages/examples/introduction/dynamic-attributes/_page.svelte.js                 0.85 kB
.svelte-kit/output/server/chunks/index3.js                                                                       0.85 kB
.svelte-kit/output/server/entries/pages/examples/special-elements/svelte-body/_page.svelte.js                    0.87 kB
.svelte-kit/output/server/chunks/index5.js                                                                       0.88 kB
.svelte-kit/output/server/entries/pages/examples/reactivity/assignments/_page.svelte.js                          0.89 kB
.svelte-kit/output/server/entries/pages/examples/reactivity/statements/_page.svelte.js                           0.89 kB
.svelte-kit/output/server/entries/pages/examples/logic/else-blocks/_page.svelte.js                               0.90 kB
.svelte-kit/output/server/entries/pages/examples/reactivity/reactive-assignments/_page.svelte.js                 0.90 kB
.svelte-kit/output/server/entries/pages/examples/reactivity/reactive-statements/_page.svelte.js                  0.90 kB
.svelte-kit/output/server/entries/pages/chat/_chatId_/_page.svelte.js                                            0.90 kB
.svelte-kit/output/server/entries/pages/examples/introduction/html-tags/_page.svelte.js                          0.90 kB
.svelte-kit/output/server/entries/pages/examples/events/dom-events/_page.svelte.js                               0.93 kB
.svelte-kit/output/server/entries/pages/examples/events/inline-handlers/_page.svelte.js                          0.93 kB
.svelte-kit/output/server/entries/pages/examples/special-elements/svelte-head/_page.svelte.js                    0.95 kB
.svelte-kit/output/server/entries/pages/examples/7guis/7guis-counter/_page.svelte.js                             0.96 kB
.svelte-kit/output/server/entries/pages/examples/miscellaneous/hacker-news/_page.svelte.js                       0.97 kB
.svelte-kit/output/server/entries/pages/examples/logic/if-blocks/_page.svelte.js                                 0.99 kB
.svelte-kit/output/server/entries/pages/examples/bindings/text-inputs/_page.svelte.js                            0.99 kB
.svelte-kit/output/server/chunks/selected-model.svelte.js                                                        0.99 kB
.svelte-kit/output/server/entries/endpoints/api/storage/upload/_server.ts.js                                     0.99 kB
.svelte-kit/output/server/entries/pages/examples/logic/else-if-blocks/_page.svelte.js                            0.99 kB
.svelte-kit/output/server/entries/pages/examples/lifecycle/tick/_page.svelte.js                                  1.01 kB
.svelte-kit/output/server/entries/pages/examples/special-elements/svelte-document/_page.svelte.js                1.02 kB
.svelte-kit/output/server/entries/pages/examples/7guis/7guis-temperature/_page.svelte.js                         1.03 kB
.svelte-kit/output/server/entries/pages/examples/special-elements/svelte-window/_page.svelte.js                  1.07 kB
.svelte-kit/output/server/entries/pages/examples/00-introduction/02-styling/_page.svelte.js                      1.08 kB
.svelte-kit/output/server/entries/pages/examples/transitions/custom-js-transitions/_page.svelte.js               1.10 kB
.svelte-kit/output/server/entries/pages/examples/actions/actions/_page.svelte.js                                 1.10 kB
.svelte-kit/output/server/entries/pages/examples/bindings/textarea-inputs/_page.svelte.js                        1.14 kB
.svelte-kit/output/server/chunks/hooks.server.js                                                                 1.15 kB
.svelte-kit/output/server/entries/fallbacks/error.svelte.js                                                      1.16 kB
.svelte-kit/output/server/entries/pages/examples/classes/class-shorthand/_page.svelte.js                         1.17 kB
.svelte-kit/output/server/entries/pages/examples/introduction/hello-world/_page.svelte.js                        1.18 kB
.svelte-kit/output/server/entries/pages/examples/debugging/debug/_page.svelte.js                                 1.20 kB
.svelte-kit/output/server/entries/pages/examples/00-introduction/00-hello-world/_page.svelte.js                  1.22 kB
.svelte-kit/output/server/entries/pages/examples/stores/readable-stores/_page.svelte.js                          1.22 kB
.svelte-kit/output/server/entries/pages/examples/lifecycle/ondestroy/_page.svelte.js                             1.23 kB
.svelte-kit/output/server/entries/pages/examples/transitions/transition/_page.svelte.js                          1.24 kB
.svelte-kit/output/server/entries/pages/examples/transitions/in-and-out/_page.svelte.js                          1.24 kB
.svelte-kit/output/server/entries/pages/examples/transitions/adding-parameters-to-transitions/_page.svelte.js    1.26 kB
.svelte-kit/output/server/entries/pages/examples/props/declaring/_page.svelte.js                                 1.29 kB
.svelte-kit/output/server/entries/pages/examples/reactivity/declarations/_page.svelte.js                         1.30 kB
.svelte-kit/output/server/entries/pages/examples/props/declaring-props/_page.svelte.js                           1.30 kB
.svelte-kit/output/server/entries/pages/examples/reactivity/reactive-declarations/_page.svelte.js                1.31 kB
.svelte-kit/output/server/entries/pages/examples/classes/classes/_page.svelte.js                                 1.32 kB
.svelte-kit/output/server/entries/pages/examples/actions/adding-parameters-to-actions/_page.svelte.js            1.34 kB
.svelte-kit/output/server/entries/pages/examples/actions/actions-pannable/_page.svelte.js                        1.36 kB
.svelte-kit/output/server/entries/pages/examples/events/component-events/_page.svelte.js                         1.39 kB
.svelte-kit/output/server/entries/pages/examples/props/default-values/_page.svelte.js                            1.42 kB
.svelte-kit/output/server/chunks/mapbox.js                                                                       1.43 kB
.svelte-kit/output/server/entries/pages/examples/bindings/file-inputs/_page.svelte.js                            1.43 kB
.svelte-kit/output/server/entries/pages/examples/events/dom-event-forwarding/_page.svelte.js                     1.43 kB
.svelte-kit/output/server/entries/pages/examples/transitions/custom-css-transitions/_page.svelte.js              1.45 kB
.svelte-kit/output/server/entries/pages/examples/transitions/transition-events/_page.svelte.js                   1.45 kB
.svelte-kit/output/server/entries/pages/examples/introduction/nested-components/_page.svelte.js                  1.47 kB
.svelte-kit/output/server/entries/pages/examples/bindings/checkbox-inputs/_page.svelte.js                        1.48 kB
.svelte-kit/output/server/entries/pages/examples/stores/custom-stores/_page.svelte.js                            1.52 kB
.svelte-kit/output/server/entries/endpoints/api/files/upload/_server.ts.js                                       1.54 kB
.svelte-kit/output/server/entries/pages/examples/00-introduction/03-nested-components/_page.svelte.js            1.54 kB
.svelte-kit/output/server/entries/pages/examples/stores/derived-stores/_page.svelte.js                           1.56 kB
.svelte-kit/output/server/entries/pages/examples/bindings/dimensions/_page.svelte.js                             1.59 kB
.svelte-kit/output/server/entries/pages/examples/logic/await-blocks/_page.svelte.js                              1.61 kB
.svelte-kit/output/server/entries/pages/examples/special-elements/svelte-element/_page.svelte.js                 1.62 kB
.svelte-kit/output/server/chunks/client.js                                                                       1.65 kB
.svelte-kit/output/server/entries/pages/examples/7guis/7guis-timer/_page.svelte.js                               1.70 kB
.svelte-kit/output/server/entries/pages/examples/00-introduction/01-dynamic-attributes/_page.svelte.js           1.71 kB
.svelte-kit/output/server/entries/pages/examples/composition/render-props/_page.svelte.js                        1.76 kB
.svelte-kit/output/server/entries/pages/examples/logic/each-blocks/_page.svelte.js                               1.77 kB
.svelte-kit/output/server/entries/pages/examples/bindings/numeric-inputs/_page.svelte.js                         1.78 kB
.svelte-kit/output/server/entries/endpoints/api/cache/_server.ts.js                                              1.82 kB
.svelte-kit/output/server/entries/pages/examples/events/event-forwarding/_page.svelte.js                         1.86 kB
.svelte-kit/output/server/entries/pages/examples/motion/tweened/_page.svelte.js                                  2.01 kB
.svelte-kit/output/server/entries/pages/examples/lifecycle/onmount/_page.svelte.js                               2.03 kB
.svelte-kit/output/server/chunks/index6.js                                                                       2.06 kB
.svelte-kit/output/server/entries/pages/examples/special-elements/svelte-window-bindings/_page.svelte.js         2.08 kB
.svelte-kit/output/server/entries/pages/examples/props/spread-props/_page.svelte.js                              2.11 kB
.svelte-kit/output/server/entries/pages/examples/7guis/7guis-circles/_page.svelte.js                             2.11 kB
.svelte-kit/output/server/chunks/shared.js                                                                       2.18 kB
.svelte-kit/output/server/entries/pages/examples/easing/_page.svelte.js                                          2.19 kB
.svelte-kit/output/server/entries/pages/examples/debugging/_page.svelte.js                                       2.20 kB
.svelte-kit/output/server/entries/pages/examples/composition/render-prop-fallbacks/_page.svelte.js               2.20 kB
.svelte-kit/output/server/entries/pages/examples/animations/_page.svelte.js                                      2.20 kB
.svelte-kit/output/server/entries/pages/examples/context/_page.svelte.js                                         2.21 kB
.svelte-kit/output/server/entries/pages/examples/01-reactivity/00-reactive-assignments/_page.svelte.js           2.24 kB
.svelte-kit/output/server/entries/pages/examples/module-context/_page.svelte.js                                  2.24 kB
.svelte-kit/output/server/entries/pages/examples/7guis/7guis-flight-booker/_page.svelte.js                       2.25 kB
.svelte-kit/output/server/entries/pages/examples/bindings/each-block-bindings/_page.svelte.js                    2.28 kB
.svelte-kit/output/server/entries/pages/examples/bindings/select-bindings/_page.svelte.js                        2.32 kB
.svelte-kit/output/server/entries/pages/examples/motion/_page.svelte.js                                          2.32 kB
.svelte-kit/output/server/chunks/index4.js                                                                       2.32 kB
.svelte-kit/output/server/entries/pages/examples/classes/_page.svelte.js                                         2.36 kB
.svelte-kit/output/server/entries/pages/auth/_authType_authType_/_page.server.ts.js                              2.39 kB
.svelte-kit/output/server/entries/pages/examples/lifecycle/_page.svelte.js                                       2.47 kB
.svelte-kit/output/server/entries/pages/examples/actions/_page.svelte.js                                         2.56 kB
.svelte-kit/output/server/entries/pages/examples/miscellaneous/_page.svelte.js                                   2.58 kB
.svelte-kit/output/server/entries/pages/examples/motion/spring/_page.svelte.js                                   2.64 kB
.svelte-kit/output/server/entries/pages/examples/props/_page.svelte.js                                           2.66 kB
.svelte-kit/output/server/entries/pages/examples/svg/_page.svelte.js                                             2.76 kB
.svelte-kit/output/server/entries/pages/examples/stores/_page.svelte.js                                          2.85 kB
.svelte-kit/output/server/entries/pages/examples/introduction/_page.svelte.js                                    2.86 kB
.svelte-kit/output/server/entries/pages/examples/events/_page.svelte.js                                          2.86 kB
.svelte-kit/output/server/chunks/index.js                                                                        2.94 kB
.svelte-kit/output/server/entries/pages/examples/logic/_page.svelte.js                                           2.96 kB
.svelte-kit/output/server/entries/pages/examples/7guis/_page.svelte.js                                           2.98 kB
.svelte-kit/output/server/entries/pages/profile/_page.server.ts.js                                               3.01 kB
.svelte-kit/output/server/entries/pages/examples/reactivity/_page.svelte.js                                      3.05 kB
.svelte-kit/output/server/entries/pages/examples/composition/_page.svelte.js                                     3.07 kB
.svelte-kit/output/server/entries/pages/examples/special-elements/_page.svelte.js                                3.08 kB
.svelte-kit/output/server/entries/pages/examples/stores/auto-subscriptions/_page.svelte.js                       3.10 kB
.svelte-kit/output/server/entries/pages/_layout.svelte.js                                                        3.12 kB
.svelte-kit/output/server/entries/pages/examples/stores/writable-stores/_page.svelte.js                          3.15 kB
.svelte-kit/output/server/chunks/tweened.js                                                                      3.17 kB
.svelte-kit/output/server/entries/pages/examples/bindings/media-elements/_page.svelte.js                         3.18 kB
.svelte-kit/output/server/entries/pages/examples/00-introduction/04-html-tags/_page.svelte.js                    3.24 kB
.svelte-kit/output/server/entries/pages/examples/transitions/_page.svelte.js                                     3.30 kB
.svelte-kit/output/server/entries/pages/examples/svg/clock/_page.svelte.js                                       3.31 kB
.svelte-kit/output/server/entries/pages/examples/composition/conditional-render-props/_page.svelte.js            3.31 kB
.svelte-kit/output/server/entries/pages/examples/7guis/7guis-crud/_page.svelte.js                                3.33 kB
.svelte-kit/output/server/entries/pages/examples/miscellaneous/dynamic-components/_page.svelte.js                3.34 kB
.svelte-kit/output/server/entries/pages/examples/logic/keyed-each-blocks/_page.svelte.js                         3.42 kB
.svelte-kit/output/server/chunks/utils.js                                                                        3.48 kB
.svelte-kit/output/server/chunks/spring.js                                                                       3.49 kB
.svelte-kit/output/server/chunks/index7.js                                                                       3.50 kB
.svelte-kit/output/server/entries/pages/examples/module-context/module-exports/_page.svelte.js                   3.52 kB
.svelte-kit/output/server/entries/pages/examples/01-reactivity/02-reactive-statements/_page.svelte.js            3.62 kB
.svelte-kit/output/server/entries/pages/examples/context/context-api/_page.svelte.js                             3.68 kB
.svelte-kit/output/server/entries/pages/examples/animations/animate/_page.svelte.js                              3.72 kB
.svelte-kit/output/server/entries/pages/examples/bindings/multiple-select-bindings/_page.svelte.js               3.76 kB
.svelte-kit/output/server/entries/pages/examples/bindings/group-inputs/_page.svelte.js                           3.83 kB
.svelte-kit/output/server/entries/pages/examples/svg/svg-transitions/_page.svelte.js                             3.83 kB
.svelte-kit/output/server/entries/pages/examples/composition/named-render-props/_page.svelte.js                  3.94 kB
.svelte-kit/output/server/chunks/loader.js                                                                       3.96 kB
.svelte-kit/output/server/entries/pages/examples/01-reactivity/01-reactive-declarations/_page.svelte.js          4.05 kB
.svelte-kit/output/server/chunks/events.js                                                                       4.08 kB
.svelte-kit/output/server/entries/pages/examples/bindings/_page.svelte.js                                        4.13 kB
.svelte-kit/output/server/entries/pages/examples/transitions/deferred-transitions/_page.svelte.js                4.13 kB
.svelte-kit/output/server/entries/endpoints/api/chat/_server.ts.js                                               4.37 kB
.svelte-kit/output/server/entries/pages/examples/miscellaneous/recursive-components/_page.svelte.js              4.40 kB
.svelte-kit/output/server/entries/pages/examples/composition/render-prop-props/_page.svelte.js                   4.45 kB
.svelte-kit/output/server/entries/pages/examples/bindings/component-bindings/_page.svelte.js                     4.58 kB
.svelte-kit/output/server/entries/pages/examples/svg/bar-chart/_page.svelte.js                                   4.65 kB
.svelte-kit/output/server/entries/pages/examples/composition/modal/_page.svelte.js                               5.49 kB
.svelte-kit/output/server/chunks/exports.js                                                                      5.52 kB
.svelte-kit/output/server/entries/pages/examples/svg/scatterplot/_page.svelte.js                                 6.27 kB
.svelte-kit/output/server/entries/pages/examples/svg/area-chart/_page.svelte.js                                  6.38 kB
.svelte-kit/output/server/chunks/context.js                                                                      6.44 kB
.svelte-kit/output/server/entries/pages/examples/_page.svelte.js                                                 6.74 kB
.svelte-kit/output/server/chunks/parse.js                                                                        7.13 kB
.svelte-kit/output/server/chunks/dev.js                                                                          8.18 kB
.svelte-kit/output/server/chunks/stringify.js                                                                    8.32 kB
.svelte-kit/output/server/chunks/queries.js                                                                     10.89 kB
.svelte-kit/output/server/entries/pages/auth/_authType_authType_/_page.svelte.js                                11.86 kB
.svelte-kit/output/server/entries/pages/examples/easing/easing/_page.svelte.js                                  12.77 kB
.svelte-kit/output/server/remote-entry.js                                                                       16.07 kB
.svelte-kit/output/server/entries/pages/_page.svelte.js                                                         21.98 kB
.svelte-kit/output/server/chunks/create-id.js                                                                   23.52 kB
.svelte-kit/output/server/chunks/internal.js                                                                    26.23 kB
.svelte-kit/output/server/chunks/user-profile.js                                                                58.13 kB
.svelte-kit/output/server/entries/pages/chat/_layout.svelte.js                                                  74.49 kB
.svelte-kit/output/server/entries/pages/profile/_page.svelte.js                                                 83.82 kB
.svelte-kit/output/server/chunks/index2.js                                                                      86.65 kB
.svelte-kit/output/server/index.js                                                                             154.73 kB
.svelte-kit/output/server/chunks/chat-history.svelte.js                                                        325.01 kB
.svelte-kit/output/server/chunks/chat2.js                                                                      443.89 kB
✓ built in 21.68s

Run npm run preview to preview your production build locally.

> Using @sveltejs/adapter-vercel
  ✔ done
